#
# A fatal error has been detected by the Java Runtime Environment:
#
#  Internal Error (jvmciRuntime.cpp:1609), pid=33, tid=48
#  fatal error: Fatal exception in JVMCI: Error calling jdk.vm.ci.services.Services.serializeSavedProperties
#
# JRE version: OpenJDK Runtime Environment GraalVM CE 22.3.0 (17.0.5+8) (build 17.0.5+8-jvmci-22.3-b08)
# Java VM: OpenJDK 64-Bit Server VM GraalVM CE 22.3.0 (17.0.5+8-jvmci-22.3-b08, mixed mode, sharing, tiered, jvmci, jvmci compiler, compressed oops, compressed class ptrs, parallel gc, linux-amd64)
# Problematic frame:
# V  [libjvm.so+0x972714]  JVMCIRuntime::fatal_exception(JVMCIEnv*, char const*)+0x74
#
# Core dump will be written. Default location: Core dumps may be processed with "/usr/share/apport/apport -p%p -s%s -c%c -d%d -P%P -u%u -g%g -- %E" (or dumping to /home/runner/Vector-math/core.33)
#
# If you would like to submit a bug report, please visit:
#   https://github.com/oracle/graal/issues
#

---------------  S U M M A R Y ------------

Command Line: -XX:ThreadPriorityPolicy=1 -XX:+UnlockExperimentalVMOptions -XX:+EnableJVMCIProduct -XX:JVMCIThreadsPerNativeLibraryRuntime=1 -XX:-UnlockExperimentalVMOptions -Declipse.application=org.eclipse.jdt.ls.core.id1 -Dosgi.bundles.defaultStartLevel=4 -Declipse.product=org.eclipse.jdt.ls.core.product -Dlog.level=ALL -Xverify:none -XX:+UseParallelGC -XX:GCTimeRatio=4 -XX:AdaptiveSizePolicyWeight=90 -Dsun.zip.disableMemoryMapping=true -Xmx512m -Xms100m /nix/store/a7s9klvriqi68xz3qjc0qyfl5h86xc16-jdt-language-server-1.9.0/share/java/plugins/org.eclipse.equinox.launcher_1.6.400.v20210924-0641.jar --add-modules=ALL-SYSTEM --add-opens java.base/java.util=ALL-UNNAMED --add-opens java.base/java.lang=ALL-UNNAMED -configuration /home/runner/.cache/jdt-language-server/config -data /home/runner/.cache/jdt-language-server/data/home/runner/Vector-math

Host: AMD EPYC 7B12, 16 cores, 3G, Ubuntu 20.04.2 LTS
Time: Wed Aug 30 19:09:44 2023 UTC elapsed time: 41.177649 seconds (0d 0h 0m 41s)

---------------  T H R E A D  ---------------

Current thread (0x00007f18580d3300):  JavaThread "JVMCI-native CompilerThread0" daemon [_thread_in_vm, id=48, stack(0x00007f183d518000,0x00007f183d718000)]


Current CompileTask:
JVMCI-native:  41177 8626       4       java.util.AbstractCollection::isEmpty (13 bytes)

Stack: [0x00007f183d518000,0x00007f183d718000],  sp=0x00007f183d716380,  free space=2040k
Native frames: (J=compiled Java code, j=interpreted, Vv=VM code, C=native code)
V  [libjvm.so+0x972714]  JVMCIRuntime::fatal_exception(JVMCIEnv*, char const*)+0x74
V  [libjvm.so+0x93e2fe]  JVMCIEnv::copy_saved_properties()+0x14e
V  [libjvm.so+0x9732a9]  JVMCIRuntime::initialize(JVMCIEnv*)+0xb19
V  [libjvm.so+0x9738a2]  JVMCIRuntime::get_HotSpotJVMCIRuntime(JVMCIEnv*)+0x12
V  [libjvm.so+0x9749f2]  JVMCIRuntime::compile_method(JVMCIEnv*, JVMCICompiler*, methodHandle const&, int)+0xd2
V  [libjvm.so+0x5b0d20]  CompileBroker::invoke_compiler_on_method(CompileTask*)+0x1470
V  [libjvm.so+0x5b12e8]  CompileBroker::compiler_thread_loop()+0x528
V  [libjvm.so+0xd82460]  JavaThread::thread_main_inner()+0xd0
V  [libjvm.so+0xd85a40]  Thread::call_run()+0xc0
V  [libjvm.so+0xbdb1e1]  thread_native_entry(Thread*)+0xe1

Register to memory mapping:

RAX=0x00007f185d559000 points into unknown readable memory: 0x0000000000000058 | 58 00 00 00 00 00 00 00
RBX=0x00007f185e654398: <offset 0x0000000000ef5398> in /nix/store/gpxl5qgg8kicmcvivwmybwjlpf7wh20l-graalvm17-ce-22.3.0/lib/server/libjvm.so at 0x00007f185d75f000
RCX=0x00007f185e60c1e8: <offset 0x0000000000ead1e8> in /nix/store/gpxl5qgg8kicmcvivwmybwjlpf7wh20l-graalvm17-ce-22.3.0/lib/server/libjvm.so at 0x00007f185d75f000
RDX=0x0000000000000649 is an unknown value
RSP=0x00007f183d716380 is pointing into the stack for thread: 0x00007f18580d3300
RBP=0x00007f183d7163a0 is pointing into the stack for thread: 0x00007f18580d3300
RSI=0x00007f185e654c48: <offset 0x0000000000ef5c48> in /nix/store/gpxl5qgg8kicmcvivwmybwjlpf7wh20l-graalvm17-ce-22.3.0/lib/server/libjvm.so at 0x00007f185d75f000
RDI=0x00000000e0000000 is an oop: java.lang.String 
{0x00000000e0000000} - klass: 'java/lang/String'
 - string: "class configured for "
R8 =0x00007f185e654398: <offset 0x0000000000ef5398> in /nix/store/gpxl5qgg8kicmcvivwmybwjlpf7wh20l-graalvm17-ce-22.3.0/lib/server/libjvm.so at 0x00007f185d75f000
R9 =0x0000000000000003 is an unknown value
R10=0x00007f185e9a5da0: <offset 0x0000000001246da0> in /nix/store/gpxl5qgg8kicmcvivwmybwjlpf7wh20l-graalvm17-ce-22.3.0/lib/server/libjvm.so at 0x00007f185d75f000
R11=0x000000080044f048 is pointing into metadata
R12=0x0 is NULL
R13=0x00007f18580d3300 is a thread
R14=0x00007f1858000b80 points into unknown readable memory: 0x00007f185e885a38 | 38 5a 88 5e 18 7f 00 00
R15=0x00007f185e993e40: <offset 0x0000000001234e40> in /nix/store/gpxl5qgg8kicmcvivwmybwjlpf7wh20l-graalvm17-ce-22.3.0/lib/server/libjvm.so at 0x00007f185d75f000


Registers:
RAX=0x00007f185d559000, RBX=0x00007f185e654398, RCX=0x00007f185e60c1e8, RDX=0x0000000000000649
RSP=0x00007f183d716380, RBP=0x00007f183d7163a0, RSI=0x00007f185e654c48, RDI=0x00000000e0000000
R8 =0x00007f185e654398, R9 =0x0000000000000003, R10=0x00007f185e9a5da0, R11=0x000000080044f048
R12=0x0000000000000000, R13=0x00007f18580d3300, R14=0x00007f1858000b80, R15=0x00007f185e993e40
RIP=0x00007f185e0d1714, EFLAGS=0x0000000000010206, CSGSFS=0x002b000000000033, ERR=0x0000000000000006
  TRAPNO=0x000000000000000e

Top of Stack: (sp=0x00007f183d716380)
0x00007f183d716380:   00007f183d716940 00007f18580d3300
0x00007f183d716390:   00007f183f3588c8 0000000800c417a0
0x00007f183d7163a0:   00007f183d716500 00007f185e09d2fe
0x00007f183d7163b0:   00007f183d7163e0 00007f183d716440 

Instructions: (pc=0x00007f185e0d1714)
0x00007f185e0d1614:   30 e8 f6 cf e8 ff 4c 89 e7 e8 2e 48 d1 ff 84 db
0x00007f185e0d1624:   75 2a 4d 85 ed 74 04 4d 8b 6d 00 48 83 c4 08 44
0x00007f185e0d1634:   89 f9 4c 89 f2 4c 89 ee 5b 4c 89 e7 41 5c 41 5d
0x00007f185e0d1644:   41 5e 41 5f 5d e9 e2 47 d1 ff 66 90 48 83 c4 08
0x00007f185e0d1654:   5b 41 5c 41 5d 41 5e 41 5f 5d c3 90 31 d2 be 08
0x00007f185e0d1664:   00 00 00 4c 89 ff e8 b1 78 a3 ff 49 89 c5 e9 37
0x00007f185e0d1674:   ff ff ff 66 0f 1f 84 00 00 00 00 00 48 8b 7a 08
0x00007f185e0d1684:   e9 6d ff ff ff 0f 1f 80 00 00 00 00 e8 5b 48 0a
0x00007f185e0d1694:   00 84 c0 75 89 e9 6a ff ff ff 66 90 55 48 89 e5
0x00007f185e0d16a4:   41 56 41 55 41 54 49 89 fc 53 48 89 f3 66 48 8d
0x00007f185e0d16b4:   3d 27 5e 85 00 66 66 48 e8 df 43 8d ff 4c 8b 28
0x00007f185e0d16c4:   8b 05 be 72 8a 00 85 c0 75 14 ba 01 00 00 00 48
0x00007f185e0d16d4:   8d 0d ae 72 8a 00 f0 0f b1 11 85 c0 74 4e be c8
0x00007f185e0d16e4:   00 00 00 4c 89 ef e8 01 0b 41 00 48 8d 05 12 ac
0x00007f185e0d16f4:   85 00 49 89 d8 48 8d 0d e8 aa 53 00 ba 49 06 00
0x00007f185e0d1704:   00 48 8d 35 3c 35 58 00 bf 00 00 00 e0 48 8b 00
0x00007f185e0d1714:   c6 00 58 31 c0 e8 e2 91 c6 ff 5b 41 5c 41 5d 41
0x00007f185e0d1724:   5e 5d e9 55 34 26 00 0f 1f 44 00 00 48 8d 05 81
0x00007f185e0d1734:   a3 8b 00 48 89 df 4c 8b 30 e8 9e 43 8d ff 48 89
0x00007f185e0d1744:   de 48 89 c2 49 8b 06 4c 89 f7 ff 50 08 4c 89 f7
0x00007f185e0d1754:   e8 a7 5c 27 00 4d 85 e4 74 12 be 01 00 00 00 4c
0x00007f185e0d1764:   89 e7 e8 35 43 fc ff eb 82 0f 1f 00 be 01 00 00
0x00007f185e0d1774:   00 4c 89 ef e8 d3 fd ff ff e9 6d ff ff ff 66 66
0x00007f185e0d1784:   2e 0f 1f 84 00 00 00 00 00 0f 1f 00 55 48 89 e5
0x00007f185e0d1794:   41 57 41 56 41 55 41 54 53 48 81 ec 08 02 00 00
0x00007f185e0d17a4:   64 48 8b 04 25 28 00 00 00 48 89 45 c8 8b 07 83
0x00007f185e0d17b4:   f8 02 0f 84 11 04 00 00 4c 8b 6f 18 49 89 ff 49
0x00007f185e0d17c4:   89 f4 4d 85 ed 74 14 4c 89 ef e8 5d 57 22 00 41
0x00007f185e0d17d4:   8b 07 83 f8 02 0f 84 19 04 00 00 48 8d 1d 9a 06
0x00007f185e0d17e4:   8a 00 4c 8d 35 0b 3c 58 00 eb 38 90 48 85 d2 7f
0x00007f185e0d17f4:   0d 48 8d 05 b4 c0 85 00 48 83 38 00 7e 0e 41 8b
0x00007f185e0d1804:   77 2c 4c 89 f7 31 c0 e8 a0 b2 f7 ff 49 8b 7f 18 


Stack slot to memory mapping:
stack at sp + 0 slots: 0x00007f183d716940 is pointing into the stack for thread: 0x00007f18580d3300
stack at sp + 1 slots: 0x00007f18580d3300 is a thread
stack at sp + 2 slots: 0x00007f183f3588c8 points into unknown readable memory: 0x65730018052dffff | ff ff 2d 05 18 00 73 65
stack at sp + 3 slots: 0x0000000800c417a0 is a pointer to class: 
jdk.vm.ci.services.Services {0x0000000800c417a0}
 - instance size:     2
 - klass size:        65
 - access:            public final synchronized 
 - state:             fully_initialized
 - name:              'jdk/vm/ci/services/Services'
 - super:             'java/lang/Object'
 - sub:               
 - arrays:            NULL
 - methods:           Array<T>(0x00007f183e044228)
 - method ordering:   Array<T>(0x0000000800928960)
 - default_methods:   Array<T>(0x0000000000000000)
 - local interfaces:  Array<T>(0x00000008005ce810)
 - trans. interfaces: Array<T>(0x00000008005ce810)
 - constants:         constant pool [427] {0x00007f183e043308} for 'jdk/vm/ci/services/Services' cache=0x00007f183e0456f8
 - class loader data:  loader data: 0x00007f18580283f0 of 'bootstrap'
 - source file:       'Services.java'
 - class annotations:       Array<T>(0x0000000000000000)
 - class type annotations:  Array<T>(0x0000000000000000)
 - field annotations:       Array<T>(0x0000000000000000)
 - field type annotations:  Array<T>(0x0000000000000000)
 - inner classes:     Array<T>(0x00007f183e045500)
 - nest members:     Array<T>(0x00007f183e045520)
 - permitted subclasses:     Array<T>(0x00000008005ce7a0)
 - java mirror:       a 'java/lang/Class'{0x00000000e045f850} = 'jdk/vm/ci/services/Services'
 - vtable length      5  (start addr: 0x0000000800c41970)
 - itable length      2 (start addr: 0x0000000800c41998)
 - ---- static fields (3 words):
 - public static final 'IS_BUILDING_NATIVE_IMAGE' 'Z' @128 
 - public static final 'IS_IN_NATIVE_IMAGE' 'Z' @129 
 - private static volatile 'savedProperties' 'Ljava/util/Map;' @112 
 - static final 'JVMCI_ENABLED' 'Z' @130 
 - private static final 'servicesCache' 'Ljava/util/Map;' @116 
 - private static final 'MAX_UNICODE_IN_UTF8_LENGTH' 'I' @120 
 - private static final 'MAX_UTF8_PROPERTY_STRING_LENGTH' 'I' @124 
 - ---- non-static fields (0 words):
 - non-static oop maps: 
stack at sp + 4 slots: 0x00007f183d716500 is pointing into the stack for thread: 0x00007f18580d3300
stack at sp + 5 slots: 0x00007f185e09d2fe: <offset 0x000000000093e2fe> in /nix/store/gpxl5qgg8kicmcvivwmybwjlpf7wh20l-graalvm17-ce-22.3.0/lib/server/libjvm.so at 0x00007f185d75f000
stack at sp + 6 slots: 0x00007f183d7163e0 is pointing into the stack for thread: 0x00007f18580d3300
stack at sp + 7 slots: 0x00007f183d716440 is pointing into the stack for thread: 0x00007f18580d3300


---------------  P R O C E S S  ---------------

Threads class SMR info:
_java_thread_list=0x00007f17b00028f0, length=36, elements={
0x00007f1858026690, 0x00007f18580c75f0, 0x00007f18580c8a30, 0x00007f18580cf170,
0x00007f18580d0520, 0x00007f18580d1910, 0x00007f18580d3300, 0x00007f18580d4810,
0x00007f18580d5c60, 0x00007f1858100fc0, 0x00007f1858148f90, 0x00007f1858270560,
0x00007f185837d190, 0x00007f18583b09e0, 0x00007f18583b2490, 0x00007f1858678070,
0x00007f17e4017570, 0x00007f17e42a06b0, 0x00007f17e4302930, 0x00007f17cc0010d0,
0x00007f17e447efc0, 0x00007f17e45ee170, 0x00007f18584ea560, 0x00007f185842f6d0,
0x00007f17d0001220, 0x00007f17d0005e80, 0x00007f17cc0f06c0, 0x00007f17b44f3070,
0x00007f17b44f4080, 0x00007f17b44f94a0, 0x00007f179c001e00, 0x00007f179c0030a0,
0x00007f17a02dccc0, 0x00007f17a02dd8d0, 0x00007f17c0131be0, 0x00007f17c0172200
}

Java Threads: ( => current thread )
  0x00007f1858026690 JavaThread "main" [_thread_blocked, id=40, stack(0x00007f185d57a000,0x00007f185d67a000)]
  0x00007f18580c75f0 JavaThread "Reference Handler" daemon [_thread_blocked, id=43, stack(0x00007f183ddfe000,0x00007f183defe000)]
  0x00007f18580c8a30 JavaThread "Finalizer" daemon [_thread_blocked, id=44, stack(0x00007f183dcfe000,0x00007f183ddfe000)]
  0x00007f18580cf170 JavaThread "Signal Dispatcher" daemon [_thread_blocked, id=45, stack(0x00007f183d918000,0x00007f183da18000)]
  0x00007f18580d0520 JavaThread "Service Thread" daemon [_thread_blocked, id=46, stack(0x00007f183d818000,0x00007f183d918000)]
  0x00007f18580d1910 JavaThread "Monitor Deflation Thread" daemon [_thread_blocked, id=47, stack(0x00007f183d718000,0x00007f183d818000)]
=>0x00007f18580d3300 JavaThread "JVMCI-native CompilerThread0" daemon [_thread_in_vm, id=48, stack(0x00007f183d518000,0x00007f183d718000)]
  0x00007f18580d4810 JavaThread "C1 CompilerThread0" daemon [_thread_blocked, id=49, stack(0x00007f183d318000,0x00007f183d518000)]
  0x00007f18580d5c60 JavaThread "Sweeper thread" daemon [_thread_blocked, id=50, stack(0x00007f183d218000,0x00007f183d318000)]
  0x00007f1858100fc0 JavaThread "Common-Cleaner" daemon [_thread_blocked, id=51, stack(0x00007f183d118000,0x00007f183d218000)]
  0x00007f1858148f90 JavaThread "Notification Thread" daemon [_thread_blocked, id=52, stack(0x00007f183d018000,0x00007f183d118000)]
  0x00007f1858270560 JavaThread "process reaper" daemon [_thread_blocked, id=61, stack(0x00007f183e8dc000,0x00007f183e8fe000)]
  0x00007f185837d190 JavaThread "Active Thread: Equinox Container: 5138f143-1970-4d42-b279-d35ba7ae66fd" [_thread_blocked, id=64, stack(0x00007f183c900000,0x00007f183ca00000)]
  0x00007f18583b09e0 JavaThread "Framework Event Dispatcher: Equinox Container: 5138f143-1970-4d42-b279-d35ba7ae66fd" daemon [_thread_blocked, id=65, stack(0x00007f183c700000,0x00007f183c800000)]
  0x00007f18583b2490 JavaThread "Start Level: Equinox Container: 5138f143-1970-4d42-b279-d35ba7ae66fd" daemon [_thread_blocked, id=66, stack(0x00007f183c500000,0x00007f183c600000)]
  0x00007f1858678070 JavaThread "Refresh Thread: Equinox Container: 5138f143-1970-4d42-b279-d35ba7ae66fd" daemon [_thread_blocked, id=68, stack(0x00007f183c300000,0x00007f183c400000)]
  0x00007f17e4017570 JavaThread "SCR Component Actor" daemon [_thread_blocked, id=69, stack(0x00007f183c100000,0x00007f183c200000)]
  0x00007f17e42a06b0 JavaThread "Worker-JM" [_thread_blocked, id=71, stack(0x00007f1804700000,0x00007f1804800000)]
  0x00007f17e4302930 JavaThread "Worker-0" [_thread_blocked, id=72, stack(0x00007f1804500000,0x00007f1804600000)]
  0x00007f17cc0010d0 JavaThread "Worker-1" [_thread_blocked, id=73, stack(0x00007f1804300000,0x00007f1804400000)]
  0x00007f17e447efc0 JavaThread "Java indexing" daemon [_thread_blocked, id=74, stack(0x00007f1804100000,0x00007f1804200000)]
  0x00007f17e45ee170 JavaThread "Bundle File Closer" daemon [_thread_blocked, id=87, stack(0x00007f1803f00000,0x00007f1804000000)]
  0x00007f18584ea560 JavaThread "pool-3-thread-1" [_thread_blocked, id=88, stack(0x00007f1803d00000,0x00007f1803e00000)]
  0x00007f185842f6d0 JavaThread "pool-2-thread-1" [_thread_in_native, id=89, stack(0x00007f1803b00000,0x00007f1803c00000)]
  0x00007f17d0001220 JavaThread "Worker-2" [_thread_blocked, id=90, stack(0x00007f1803900000,0x00007f1803a00000)]
  0x00007f17d0005e80 JavaThread "Worker-3" [_thread_blocked, id=93, stack(0x00007f1803500000,0x00007f1803600000)]
  0x00007f17cc0f06c0 JavaThread "Worker-4: Java indexing... " [_thread_blocked, id=104, stack(0x00007f183c400000,0x00007f183c500000)]
  0x00007f17b44f3070 JavaThread "OkHttp repo.maven.apache.org" [_thread_in_native, id=105, stack(0x00007f1804800000,0x00007f1804900000)]
  0x00007f17b44f4080 JavaThread "OkHttp ConnectionPool" daemon [_thread_blocked, id=106, stack(0x00007f1803c00000,0x00007f1803d00000)]
  0x00007f17b44f94a0 JavaThread "Okio Watchdog" daemon [_thread_blocked, id=107, stack(0x00007f1803300000,0x00007f1803400000)]
  0x00007f179c001e00 JavaThread "OkHttp repo.maven.apache.org Writer" [_thread_blocked, id=108, stack(0x00007f1803100000,0x00007f1803200000)]
  0x00007f179c0030a0 JavaThread "OkHttp Http2Connection" daemon [_thread_blocked, id=109, stack(0x00007f1802f00000,0x00007f1803000000)]
  0x00007f17a02dccc0 JavaThread "Worker-5" [_thread_blocked, id=121, stack(0x00007f1804900000,0x00007f1804a00000)]
  0x00007f17a02dd8d0 JavaThread "Worker-6" [_thread_blocked, id=122, stack(0x00007f1802d00000,0x00007f1802e00000)]
  0x00007f17c0131be0 JavaThread "Thread-5" [_thread_blocked, id=136, stack(0x00007f1802b00000,0x00007f1802c00000)]
  0x00007f17c0172200 JavaThread "Thread-6" [_thread_blocked, id=137, stack(0x00007f1803000000,0x00007f1803100000)]

Other Threads:
  0x00007f18580c2d30 VMThread "VM Thread" [stack: 0x00007f183df00000,0x00007f183e000000] [id=42] _threads_hazard_ptr=0x00007f17b00028f0
  0x00007f185814a930 WatcherThread [stack: 0x00007f183cf18000,0x00007f183d018000] [id=53]
  0x00007f185803df30 GCTaskThread "GC Thread#0" [stack: 0x00007f185d13d000,0x00007f185d23d000] [id=41]
  0x00007f1830001290 GCTaskThread "GC Thread#1" [stack: 0x00007f1802300000,0x00007f1802400000] [id=67]

Threads with active compile tasks:
JVMCI-native CompilerThread0    41199 8626       4       java.util.AbstractCollection::isEmpty (13 bytes)

VM state: synchronizing (normal execution)

VM Mutex/Monitor currently owned by a thread:  ([mutex/lock_event])
[0x00007f1858023840] Threads_lock - owner thread: 0x00007f18580c2d30
[0x00007f1858023ff0] Heap_lock - owner thread: 0x00007f185837d190

OutOfMemory and StackOverflow Exception counts:
OutOfMemoryError java_heap_errors=1
LinkageErrors=68

Heap address: 0x00000000e0000000, size: 512 MB, Compressed Oops mode: 32-bit

CDS archive(s) mapped at: [0x0000000800000000-0x0000000800bc8000-0x0000000800bc8000), size 12353536, SharedBaseAddress: 0x0000000800000000, ArchiveRelocationMode: 0.
Compressed class space mapped at: 0x0000000800c00000-0x0000000840c00000, reserved size: 1073741824
Narrow klass base: 0x0000000800000000, Narrow klass shift: 0, Narrow klass range: 0x100000000

GC Precious Log:
 CPUs: 16 total, 2 available
 Memory: 3215M
 Large Page Support: Disabled
 NUMA Support: Disabled
 Compressed Oops: Enabled (32-bit)
 Alignments: Space 512K, Generation 512K, Heap 2M
 Heap Min Capacity: 100M
 Heap Initial Capacity: 100M
 Heap Max Capacity: 512M
 Pre-touch: Disabled
 Parallel Workers: 2

Heap:
 PSYoungGen      total 45568K, used 30207K [0x00000000f5580000, 0x00000000fb500000, 0x0000000100000000)
  eden space 30208K, 99% used [0x00000000f5580000,0x00000000f72ffff0,0x00000000f7300000)
  from space 15360K, 0% used [0x00000000f9380000,0x00000000f9380000,0x00000000fa280000)
  to   space 33280K, 0% used [0x00000000f7300000,0x00000000f7300000,0x00000000f9380000)
 ParOldGen       total 349696K, used 349695K [0x00000000e0000000, 0x00000000f5580000, 0x00000000f5580000)
  object space 349696K, 99% used [0x00000000e0000000,0x00000000f557fd10,0x00000000f5580000)
 Metaspace       used 60719K, committed 61888K, reserved 1105920K
  class space    used 6042K, committed 6464K, reserved 1048576K

Card table byte_map: [0x00007f185d23d000,0x00007f185d33e000] _byte_map_base: 0x00007f185cb3d000

Marking Bits: (ParMarkBitMap*) 0x00007f185e98d4c0
 Begin Bits: [0x00007f185c090000, 0x00007f185c890000)
 End Bits:   [0x00007f185c890000, 0x00007f185d090000)

Polling page: 0x00007f185d557000

Metaspace:

Usage:
  Non-class:     53.40 MB used.
      Class:      5.90 MB used.
       Both:     59.30 MB used.

Virtual space:
  Non-class space:       56.00 MB reserved,      54.12 MB ( 97%) committed,  7 nodes.
      Class space:        1.00 GB reserved,       6.31 MB ( <1%) committed,  1 nodes.
             Both:        1.05 GB reserved,      60.44 MB (  6%) committed. 

Chunk freelists:
   Non-Class:  1.77 MB
       Class:  1.78 MB
        Both:  3.55 MB

MaxMetaspaceSize: unlimited
CompressedClassSpaceSize: 1.00 GB
Initial GC threshold: 21.00 MB
Current GC threshold: 100.62 MB
CDS: on
MetaspaceReclaimPolicy: balanced
 - commit_granule_bytes: 65536.
 - commit_granule_words: 8192.
 - virtual_space_node_default_size: 1048576.
 - enlarge_chunks_in_place: 1.
 - new_chunks_are_fully_committed: 0.
 - uncommit_free_chunks: 1.
 - use_allocation_guard: 0.
 - handle_deallocations: 1.


Internal statistics:

num_allocs_failed_limit: 6.
num_arena_births: 490.
num_arena_deaths: 148.
num_vsnodes_births: 8.
num_vsnodes_deaths: 0.
num_space_committed: 966.
num_space_uncommitted: 0.
num_chunks_returned_to_freelist: 208.
num_chunks_taken_from_freelist: 2860.
num_chunk_merges: 88.
num_chunk_splits: 1896.
num_chunks_enlarged: 1183.
num_purges: 2.
num_inconsistent_stats: 0.

CodeHeap 'non-profiled nmethods': size=120036Kb used=2795Kb max_used=2795Kb free=117240Kb
 bounds [0x00007f1846f7a000, 0x00007f184723a000, 0x00007f184e4b3000]
CodeHeap 'profiled nmethods': size=120032Kb used=15340Kb max_used=15630Kb free=104691Kb
 bounds [0x00007f183fa42000, 0x00007f1840992000, 0x00007f1846f7a000]
CodeHeap 'non-nmethods': size=5692Kb used=1382Kb max_used=1403Kb free=4309Kb
 bounds [0x00007f183f4b3000, 0x00007f183f723000, 0x00007f183fa42000]
 total_blobs=7826 nmethods=7110 adapters=629
 compilation: enabled
              stopped_count=0, restarted_count=0
 full_count=0

JVMCI Events (20 events):
Event: 14.075 Thread 0x00007f18580d3300 compacted oop handles in JVMCI runtime 0 from 104 to 83
Event: 14.083 Thread 0x00007f18580d3300 compacted oop handles in JVMCI runtime 0 from 106 to 100
Event: 14.152 Thread 0x00007f18580d3300 compacted oop handles in JVMCI runtime 0 from 101 to 83
Event: 14.174 Thread 0x00007f18580d3300 compacted oop handles in JVMCI runtime 0 from 84 to 83
Event: 14.183 Thread 0x00007f18580d3300 compacted oop handles in JVMCI runtime 0 from 89 to 88
Event: 14.186 Thread 0x00007f18580d3300 compacted oop handles in JVMCI runtime 0 from 98 to 95
Event: 14.200 Thread 0x00007f18580d3300 compacted oop handles in JVMCI runtime 0 from 100 to 97
Event: 14.200 Thread 0x00007f18580d3300 compacted oop handles in JVMCI runtime 0 from 98 to 82
Event: 14.225 Thread 0x00007f18580d3300 compacted oop handles in JVMCI runtime 0 from 100 to 97
Event: 15.445 Thread 0x00007f18580d3300 detaching from JVMCI runtime 0: releasing idle compiler thread (0 other threads still attached)
Event: 15.445 Thread 0x00007f18580d3300 shutting down HotSpotJVMCIRuntime for JVMCI runtime 0
Event: 15.446 Thread 0x00007f18580d3300 shut down JVMCI runtime 0
Event: 15.450 Thread 0x00007f18580d3300 destroyed JavaVM[1]@0x00007f180569e340 for JVMCI runtime 0
Event: 15.450 Thread 0x00007f18580d3300 compacted oop handles in JVMCI runtime 0 from 97 to 97
Event: 15.450 Thread 0x00007f18580d3300 releasing handles for JVMCI runtime 0: oop handles=97, metadata handles={total=1152, live=967, blocks=36}
Event: 15.450 Thread 0x00007f18580d3300 detached from JVMCI runtime 0
Event: 37.484 Thread 0x00007f18580d3300 attached to JVMCI runtime 0
Event: 37.486 Thread 0x00007f18580d3300 created JavaVM[2]@0x00007f17a5f9e340 for JVMCI runtime 0
Event: 37.808 Thread 0x00007f18580d3300 initializing JVMCI runtime 0
Event: 37.808 Thread 0x00007f18580d3300 done waiting for JavaVM references initialization in JVMCI runtime 0

Compilation events (20 events):
Event: 14.146 Thread 0x00007f18580d3300 nmethod 8623 0x00007f184722d810 code [0x00007f184722d9c0, 0x00007f184722e1b0]
Event: 14.146 Thread 0x00007f18580d3300 8624       4       org.eclipse.jdt.internal.core.index.DiskIndex::copyQueryResults (218 bytes)
Event: 14.174 Thread 0x00007f18580d3300 nmethod 8624 0x00007f184722e510 code [0x00007f184722e740, 0x00007f184722f9d0]
Event: 14.174 Thread 0x00007f18580d3300 8575       4       jdk.internal.jrtfs.JrtPath::hashCode (8 bytes)
Event: 14.179 Thread 0x00007f18580d3300 nmethod 8575 0x00007f1847230490 code [0x00007f1847230600, 0x00007f1847230938]
Event: 14.179 Thread 0x00007f18580d3300 8608       4       org.eclipse.jdt.internal.core.index.DiskIndex::writeStreamChars (220 bytes)
Event: 14.183 Thread 0x00007f18580d3300 nmethod 8608 0x00007f1847230a90 code [0x00007f1847230c20, 0x00007f1847231010]
Event: 14.183 Thread 0x00007f18580d3300 8559       4       org.eclipse.jdt.core.Signature::appendTypeSignature (513 bytes)
Event: 14.186 Thread 0x00007f18580d3300 nmethod 8559 0x00007f1847231310 code [0x00007f18472314e0, 0x00007f1847231790]
Event: 14.186 Thread 0x00007f18580d3300 8560       4       org.eclipse.jdt.core.Signature::toCharArray (83 bytes)
Event: 14.200 Thread 0x00007f18580d3300 nmethod 8560 0x00007f1847231b10 code [0x00007f1847231d40, 0x00007f18472328f0]
Event: 14.200 Thread 0x00007f18580d3300 8598 %     4       org.eclipse.jdt.internal.core.util.Util::quickSort @ 36 (107 bytes)
Event: 14.221 Thread 0x00007f18580d3300 nmethod 8598% 0x00007f1847232f10 code [0x00007f1847233120, 0x00007f1847233e40]
Event: 14.221 Thread 0x00007f18580d3300 8580       4       org.eclipse.jdt.internal.compiler.classfmt.MethodInfo::<init> (24 bytes)
Event: 14.222 Thread 0x00007f18580d3300 nmethod 8580 0x00007f1847234710 code [0x00007f1847234880, 0x00007f1847234900]
Event: 14.222 Thread 0x00007f18580d3300 8579       4       org.eclipse.jdt.internal.core.search.indexing.AbstractIndexer::addFieldDeclaration (17 bytes)
Event: 14.225 Thread 0x00007f18580d3300 nmethod 8579 0x00007f1847234a10 code [0x00007f1847234bc0, 0x00007f1847234d50]
Event: 23.638 Thread 0x00007f18580d4810 8625  s    3       org.eclipse.jdt.internal.core.search.processing.JobManager::currentJob (35 bytes)
Event: 24.268 Thread 0x00007f18580d4810 nmethod 8625 0x00007f184081fb10 code [0x00007f184081fce0, 0x00007f1840820630]
Event: 37.484 Thread 0x00007f18580d3300 8626       4       java.util.AbstractCollection::isEmpty (13 bytes)

GC Heap History (20 events):
Event: 37.809 GC heap before
{Heap before GC invocations=138 (full 74):
 PSYoungGen      total 45568K, used 30207K [0x00000000f5580000, 0x00000000fb500000, 0x0000000100000000)
  eden space 30208K, 99% used [0x00000000f5580000,0x00000000f72ffff8,0x00000000f7300000)
  from space 15360K, 0% used [0x00000000f9380000,0x00000000f9380000,0x00000000fa280000)
  to   space 33280K, 0% used [0x00000000f7300000,0x00000000f7300000,0x00000000f9380000)
 ParOldGen       total 349696K, used 349687K [0x00000000e0000000, 0x00000000f5580000, 0x00000000f5580000)
  object space 349696K, 99% used [0x00000000e0000000,0x00000000f557df18,0x00000000f5580000)
 Metaspace       used 60719K, committed 61888K, reserved 1105920K
  class space    used 6042K, committed 6464K, reserved 1048576K
}
Event: 38.133 GC heap after
{Heap after GC invocations=138 (full 74):
 PSYoungGen      total 63488K, used 30207K [0x00000000f5580000, 0x00000000fb500000, 0x0000000100000000)
  eden space 30208K, 99% used [0x00000000f5580000,0x00000000f72ffff8,0x00000000f7300000)
  from space 33280K, 0% used [0x00000000f7300000,0x00000000f7300000,0x00000000f9380000)
  to   space 15360K, 0% used [0x00000000f9380000,0x00000000f9380000,0x00000000fa280000)
 ParOldGen       total 349696K, used 349687K [0x00000000e0000000, 0x00000000f5580000, 0x00000000f5580000)
  object space 349696K, 99% used [0x00000000e0000000,0x00000000f557df18,0x00000000f5580000)
 Metaspace       used 60719K, committed 61888K, reserved 1105920K
  class space    used 6042K, committed 6464K, reserved 1048576K
}
Event: 38.133 GC heap before
{Heap before GC invocations=139 (full 75):
 PSYoungGen      total 63488K, used 30207K [0x00000000f5580000, 0x00000000fb500000, 0x0000000100000000)
  eden space 30208K, 99% used [0x00000000f5580000,0x00000000f72ffff8,0x00000000f7300000)
  from space 33280K, 0% used [0x00000000f7300000,0x00000000f7300000,0x00000000f9380000)
  to   space 15360K, 0% used [0x00000000f9380000,0x00000000f9380000,0x00000000fa280000)
 ParOldGen       total 349696K, used 349689K [0x00000000e0000000, 0x00000000f5580000, 0x00000000f5580000)
  object space 349696K, 99% used [0x00000000e0000000,0x00000000f557e580,0x00000000f5580000)
 Metaspace       used 60719K, committed 61888K, reserved 1105920K
  class space    used 6042K, committed 6464K, reserved 1048576K
}
Event: 38.421 GC heap after
{Heap after GC invocations=139 (full 75):
 PSYoungGen      total 45568K, used 30207K [0x00000000f5580000, 0x00000000fb500000, 0x0000000100000000)
  eden space 30208K, 99% used [0x00000000f5580000,0x00000000f72ffff8,0x00000000f7300000)
  from space 15360K, 0% used [0x00000000f9380000,0x00000000f9380000,0x00000000fa280000)
  to   space 33280K, 0% used [0x00000000f7300000,0x00000000f7300000,0x00000000f9380000)
 ParOldGen       total 349696K, used 349688K [0x00000000e0000000, 0x00000000f5580000, 0x00000000f5580000)
  object space 349696K, 99% used [0x00000000e0000000,0x00000000f557e248,0x00000000f5580000)
 Metaspace       used 60719K, committed 61888K, reserved 1105920K
  class space    used 6042K, committed 6464K, reserved 1048576K
}
Event: 38.422 GC heap before
{Heap before GC invocations=140 (full 76):
 PSYoungGen      total 45568K, used 30207K [0x00000000f5580000, 0x00000000fb500000, 0x0000000100000000)
  eden space 30208K, 99% used [0x00000000f5580000,0x00000000f72ffff8,0x00000000f7300000)
  from space 15360K, 0% used [0x00000000f9380000,0x00000000f9380000,0x00000000fa280000)
  to   space 33280K, 0% used [0x00000000f7300000,0x00000000f7300000,0x00000000f9380000)
 ParOldGen       total 349696K, used 349693K [0x00000000e0000000, 0x00000000f5580000, 0x00000000f5580000)
  object space 349696K, 99% used [0x00000000e0000000,0x00000000f557f7e0,0x00000000f5580000)
 Metaspace       used 60719K, committed 61888K, reserved 1105920K
  class space    used 6042K, committed 6464K, reserved 1048576K
}
Event: 38.734 GC heap after
{Heap after GC invocations=140 (full 76):
 PSYoungGen      total 63488K, used 30207K [0x00000000f5580000, 0x00000000fb500000, 0x0000000100000000)
  eden space 30208K, 99% used [0x00000000f5580000,0x00000000f72fff30,0x00000000f7300000)
  from space 33280K, 0% used [0x00000000f7300000,0x00000000f7300000,0x00000000f9380000)
  to   space 15360K, 0% used [0x00000000f9380000,0x00000000f9380000,0x00000000fa280000)
 ParOldGen       total 349696K, used 349692K [0x00000000e0000000, 0x00000000f5580000, 0x00000000f5580000)
  object space 349696K, 99% used [0x00000000e0000000,0x00000000f557f308,0x00000000f5580000)
 Metaspace       used 60719K, committed 61888K, reserved 1105920K
  class space    used 6042K, committed 6464K, reserved 1048576K
}
Event: 38.735 GC heap before
{Heap before GC invocations=141 (full 77):
 PSYoungGen      total 63488K, used 30208K [0x00000000f5580000, 0x00000000fb500000, 0x0000000100000000)
  eden space 30208K, 100% used [0x00000000f5580000,0x00000000f7300000,0x00000000f7300000)
  from space 33280K, 0% used [0x00000000f7300000,0x00000000f7300000,0x00000000f9380000)
  to   space 15360K, 0% used [0x00000000f9380000,0x00000000f9380000,0x00000000fa280000)
 ParOldGen       total 349696K, used 349692K [0x00000000e0000000, 0x00000000f5580000, 0x00000000f5580000)
  object space 349696K, 99% used [0x00000000e0000000,0x00000000f557f308,0x00000000f5580000)
 Metaspace       used 60719K, committed 61888K, reserved 1105920K
  class space    used 6042K, committed 6464K, reserved 1048576K
}
Event: 39.045 GC heap after
{Heap after GC invocations=141 (full 77):
 PSYoungGen      total 45568K, used 30208K [0x00000000f5580000, 0x00000000fb500000, 0x0000000100000000)
  eden space 30208K, 100% used [0x00000000f5580000,0x00000000f7300000,0x00000000f7300000)
  from space 15360K, 0% used [0x00000000f9380000,0x00000000f9380000,0x00000000fa280000)
  to   space 33280K, 0% used [0x00000000f7300000,0x00000000f7300000,0x00000000f9380000)
 ParOldGen       total 349696K, used 349692K [0x00000000e0000000, 0x00000000f5580000, 0x00000000f5580000)
  object space 349696K, 99% used [0x00000000e0000000,0x00000000f557f2f0,0x00000000f5580000)
 Metaspace       used 60719K, committed 61888K, reserved 1105920K
  class space    used 6042K, committed 6464K, reserved 1048576K
}
Event: 39.046 GC heap before
{Heap before GC invocations=142 (full 78):
 PSYoungGen      total 45568K, used 30208K [0x00000000f5580000, 0x00000000fb500000, 0x0000000100000000)
  eden space 30208K, 100% used [0x00000000f5580000,0x00000000f7300000,0x00000000f7300000)
  from space 15360K, 0% used [0x00000000f9380000,0x00000000f9380000,0x00000000fa280000)
  to   space 33280K, 0% used [0x00000000f7300000,0x00000000f7300000,0x00000000f9380000)
 ParOldGen       total 349696K, used 349695K [0x00000000e0000000, 0x00000000f5580000, 0x00000000f5580000)
  object space 349696K, 99% used [0x00000000e0000000,0x00000000f557fe48,0x00000000f5580000)
 Metaspace       used 60719K, committed 61888K, reserved 1105920K
  class space    used 6042K, committed 6464K, reserved 1048576K
}
Event: 39.372 GC heap after
{Heap after GC invocations=142 (full 78):
 PSYoungGen      total 63488K, used 30207K [0x00000000f5580000, 0x00000000fb500000, 0x0000000100000000)
  eden space 30208K, 99% used [0x00000000f5580000,0x00000000f72fff68,0x00000000f7300000)
  from space 33280K, 0% used [0x00000000f7300000,0x00000000f7300000,0x00000000f9380000)
  to   space 15360K, 0% used [0x00000000f9380000,0x00000000f9380000,0x00000000fa280000)
 ParOldGen       total 349696K, used 349693K [0x00000000e0000000, 0x00000000f5580000, 0x00000000f5580000)
  object space 349696K, 99% used [0x00000000e0000000,0x00000000f557f560,0x00000000f5580000)
 Metaspace       used 60719K, committed 61888K, reserved 1105920K
  class space    used 6042K, committed 6464K, reserved 1048576K
}
Event: 39.373 GC heap before
{Heap before GC invocations=143 (full 79):
 PSYoungGen      total 63488K, used 30207K [0x00000000f5580000, 0x00000000fb500000, 0x0000000100000000)
  eden space 30208K, 99% used [0x00000000f5580000,0x00000000f72fffe0,0x00000000f7300000)
  from space 33280K, 0% used [0x00000000f7300000,0x00000000f7300000,0x00000000f9380000)
  to   space 15360K, 0% used [0x00000000f9380000,0x00000000f9380000,0x00000000fa280000)
 ParOldGen       total 349696K, used 349693K [0x00000000e0000000, 0x00000000f5580000, 0x00000000f5580000)
  object space 349696K, 99% used [0x00000000e0000000,0x00000000f557f560,0x00000000f5580000)
 Metaspace       used 60719K, committed 61888K, reserved 1105920K
  class space    used 6042K, committed 6464K, reserved 1048576K
}
Event: 39.750 GC heap after
{Heap after GC invocations=143 (full 79):
 PSYoungGen      total 45568K, used 30207K [0x00000000f5580000, 0x00000000fb500000, 0x0000000100000000)
  eden space 30208K, 99% used [0x00000000f5580000,0x00000000f72fff90,0x00000000f7300000)
  from space 15360K, 0% used [0x00000000f9380000,0x00000000f9380000,0x00000000fa280000)
  to   space 33280K, 0% used [0x00000000f7300000,0x00000000f7300000,0x00000000f9380000)
 ParOldGen       total 349696K, used 349693K [0x00000000e0000000, 0x00000000f5580000, 0x00000000f5580000)
  object space 349696K, 99% used [0x00000000e0000000,0x00000000f557f560,0x00000000f5580000)
 Metaspace       used 60719K, committed 61888K, reserved 1105920K
  class space    used 6042K, committed 6464K, reserved 1048576K
}
Event: 39.750 GC heap before
{Heap before GC invocations=144 (full 80):
 PSYoungGen      total 45568K, used 30208K [0x00000000f5580000, 0x00000000fb500000, 0x0000000100000000)
  eden space 30208K, 100% used [0x00000000f5580000,0x00000000f7300000,0x00000000f7300000)
  from space 15360K, 0% used [0x00000000f9380000,0x00000000f9380000,0x00000000fa280000)
  to   space 33280K, 0% used [0x00000000f7300000,0x00000000f7300000,0x00000000f9380000)
 ParOldGen       total 349696K, used 349693K [0x00000000e0000000, 0x00000000f5580000, 0x00000000f5580000)
  object space 349696K, 99% used [0x00000000e0000000,0x00000000f557f560,0x00000000f5580000)
 Metaspace       used 60719K, committed 61888K, reserved 1105920K
  class space    used 6042K, committed 6464K, reserved 1048576K
}
Event: 40.148 GC heap after
{Heap after GC invocations=144 (full 80):
 PSYoungGen      total 63488K, used 30207K [0x00000000f5580000, 0x00000000fb500000, 0x0000000100000000)
  eden space 30208K, 99% used [0x00000000f5580000,0x00000000f72fff98,0x00000000f7300000)
  from space 33280K, 0% used [0x00000000f7300000,0x00000000f7300000,0x00000000f9380000)
  to   space 15360K, 0% used [0x00000000f9380000,0x00000000f9380000,0x00000000fa280000)
 ParOldGen       total 349696K, used 349693K [0x00000000e0000000, 0x00000000f5580000, 0x00000000f5580000)
  object space 349696K, 99% used [0x00000000e0000000,0x00000000f557f560,0x00000000f5580000)
 Metaspace       used 60719K, committed 61888K, reserved 1105920K
  class space    used 6042K, committed 6464K, reserved 1048576K
}
Event: 40.149 GC heap before
{Heap before GC invocations=145 (full 81):
 PSYoungGen      total 63488K, used 30208K [0x00000000f5580000, 0x00000000fb500000, 0x0000000100000000)
  eden space 30208K, 100% used [0x00000000f5580000,0x00000000f7300000,0x00000000f7300000)
  from space 33280K, 0% used [0x00000000f7300000,0x00000000f7300000,0x00000000f9380000)
  to   space 15360K, 0% used [0x00000000f9380000,0x00000000f9380000,0x00000000fa280000)
 ParOldGen       total 349696K, used 349693K [0x00000000e0000000, 0x00000000f5580000, 0x00000000f5580000)
  object space 349696K, 99% used [0x00000000e0000000,0x00000000f557f560,0x00000000f5580000)
 Metaspace       used 60719K, committed 61888K, reserved 1105920K
  class space    used 6042K, committed 6464K, reserved 1048576K
}
Event: 40.493 GC heap after
{Heap after GC invocations=145 (full 81):
 PSYoungGen      total 45568K, used 30208K [0x00000000f5580000, 0x00000000fb500000, 0x0000000100000000)
  eden space 30208K, 100% used [0x00000000f5580000,0x00000000f7300000,0x00000000f7300000)
  from space 15360K, 0% used [0x00000000f9380000,0x00000000f9380000,0x00000000fa280000)
  to   space 33280K, 0% used [0x00000000f7300000,0x00000000f7300000,0x00000000f9380000)
 ParOldGen       total 349696K, used 349693K [0x00000000e0000000, 0x00000000f5580000, 0x00000000f5580000)
  object space 349696K, 99% used [0x00000000e0000000,0x00000000f557f560,0x00000000f5580000)
 Metaspace       used 60719K, committed 61888K, reserved 1105920K
  class space    used 6042K, committed 6464K, reserved 1048576K
}
Event: 40.494 GC heap before
{Heap before GC invocations=146 (full 82):
 PSYoungGen      total 45568K, used 30208K [0x00000000f5580000, 0x00000000fb500000, 0x0000000100000000)
  eden space 30208K, 100% used [0x00000000f5580000,0x00000000f7300000,0x00000000f7300000)
  from space 15360K, 0% used [0x00000000f9380000,0x00000000f9380000,0x00000000fa280000)
  to   space 33280K, 0% used [0x00000000f7300000,0x00000000f7300000,0x00000000f9380000)
 ParOldGen       total 349696K, used 349695K [0x00000000e0000000, 0x00000000f5580000, 0x00000000f5580000)
  object space 349696K, 99% used [0x00000000e0000000,0x00000000f557fec0,0x00000000f5580000)
 Metaspace       used 60719K, committed 61888K, reserved 1105920K
  class space    used 6042K, committed 6464K, reserved 1048576K
}
Event: 40.841 GC heap after
{Heap after GC invocations=146 (full 82):
 PSYoungGen      total 63488K, used 30207K [0x00000000f5580000, 0x00000000fb500000, 0x0000000100000000)
  eden space 30208K, 99% used [0x00000000f5580000,0x00000000f72ffff0,0x00000000f7300000)
  from space 33280K, 0% used [0x00000000f7300000,0x00000000f7300000,0x00000000f9380000)
  to   space 15360K, 0% used [0x00000000f9380000,0x00000000f9380000,0x00000000fa280000)
 ParOldGen       total 349696K, used 349694K [0x00000000e0000000, 0x00000000f5580000, 0x00000000f5580000)
  object space 349696K, 99% used [0x00000000e0000000,0x00000000f557f8f0,0x00000000f5580000)
 Metaspace       used 60719K, committed 61888K, reserved 1105920K
  class space    used 6042K, committed 6464K, reserved 1048576K
}
Event: 40.841 GC heap before
{Heap before GC invocations=147 (full 83):
 PSYoungGen      total 63488K, used 30207K [0x00000000f5580000, 0x00000000fb500000, 0x0000000100000000)
  eden space 30208K, 99% used [0x00000000f5580000,0x00000000f72ffff0,0x00000000f7300000)
  from space 33280K, 0% used [0x00000000f7300000,0x00000000f7300000,0x00000000f9380000)
  to   space 15360K, 0% used [0x00000000f9380000,0x00000000f9380000,0x00000000fa280000)
 ParOldGen       total 349696K, used 349694K [0x00000000e0000000, 0x00000000f5580000, 0x00000000f5580000)
  object space 349696K, 99% used [0x00000000e0000000,0x00000000f557f8f0,0x00000000f5580000)
 Metaspace       used 60719K, committed 61888K, reserved 1105920K
  class space    used 6042K, committed 6464K, reserved 1048576K
}
Event: 41.154 GC heap after
{Heap after GC invocations=147 (full 83):
 PSYoungGen      total 45568K, used 30207K [0x00000000f5580000, 0x00000000fb500000, 0x0000000100000000)
  eden space 30208K, 99% used [0x00000000f5580000,0x00000000f72ffff0,0x00000000f7300000)
  from space 15360K, 0% used [0x00000000f9380000,0x00000000f9380000,0x00000000fa280000)
  to   space 33280K, 0% used [0x00000000f7300000,0x00000000f7300000,0x00000000f9380000)
 ParOldGen       total 349696K, used 349694K [0x00000000e0000000, 0x00000000f5580000, 0x00000000f5580000)
  object space 349696K, 99% used [0x00000000e0000000,0x00000000f557f8f0,0x00000000f5580000)
 Metaspace       used 60719K, committed 61888K, reserved 1105920K
  class space    used 6042K, committed 6464K, reserved 1048576K
}

Dll operation events (9 events):
Event: 0.002 Loaded shared library /nix/store/gpxl5qgg8kicmcvivwmybwjlpf7wh20l-graalvm17-ce-22.3.0/lib/libjava.so
Event: 0.008 Loaded shared library /nix/store/gpxl5qgg8kicmcvivwmybwjlpf7wh20l-graalvm17-ce-22.3.0/lib/libjsvml.so
Event: 0.073 Loaded shared library /nix/store/gpxl5qgg8kicmcvivwmybwjlpf7wh20l-graalvm17-ce-22.3.0/lib/libnio.so
Event: 0.077 Loaded shared library /nix/store/gpxl5qgg8kicmcvivwmybwjlpf7wh20l-graalvm17-ce-22.3.0/lib/libzip.so
Event: 0.080 Loaded shared library /nix/store/gpxl5qgg8kicmcvivwmybwjlpf7wh20l-graalvm17-ce-22.3.0/lib/libjvmcicompiler.so
Event: 0.161 Loaded shared library /nix/store/gpxl5qgg8kicmcvivwmybwjlpf7wh20l-graalvm17-ce-22.3.0/lib/libjimage.so
Event: 0.335 Loaded shared library /nix/store/gpxl5qgg8kicmcvivwmybwjlpf7wh20l-graalvm17-ce-22.3.0/lib/libnet.so
Event: 1.021 Loaded shared library /home/runner/.cache/jdt-language-server/config/org.eclipse.equinox.launcher/org.eclipse.equinox.launcher.gtk.linux.x86_64_1.2.400.v20211117-0650/eclipse_11600.so
Event: 2.676 Loaded shared library /nix/store/gpxl5qgg8kicmcvivwmybwjlpf7wh20l-graalvm17-ce-22.3.0/lib/libextnet.so

Deoptimization events (20 events):
Event: 14.158 Thread 0x00007f17e447efc0 DEOPT PACKING pc=0x00007f1840822275 sp=0x00007f18041fe530
Event: 14.158 Thread 0x00007f17e447efc0 DEOPT UNPACKING pc=0x00007f183f505325 sp=0x00007f18041fda20 mode 0
Event: 14.160 Thread 0x00007f17e447efc0 DEOPT PACKING pc=0x00007f1840822275 sp=0x00007f18041fe530
Event: 14.160 Thread 0x00007f17e447efc0 DEOPT UNPACKING pc=0x00007f183f505325 sp=0x00007f18041fda20 mode 0
Event: 14.161 Thread 0x00007f17e447efc0 DEOPT PACKING pc=0x00007f1840822275 sp=0x00007f18041fe530
Event: 14.161 Thread 0x00007f17e447efc0 DEOPT UNPACKING pc=0x00007f183f505325 sp=0x00007f18041fda20 mode 0
Event: 14.163 Thread 0x00007f17e447efc0 DEOPT PACKING pc=0x00007f1840822275 sp=0x00007f18041fe530
Event: 14.163 Thread 0x00007f17e447efc0 DEOPT UNPACKING pc=0x00007f183f505325 sp=0x00007f18041fda20 mode 0
Event: 14.164 Thread 0x00007f17e447efc0 DEOPT PACKING pc=0x00007f1840822275 sp=0x00007f18041fe530
Event: 14.164 Thread 0x00007f17e447efc0 DEOPT UNPACKING pc=0x00007f183f505325 sp=0x00007f18041fda20 mode 0
Event: 14.166 Thread 0x00007f17e447efc0 DEOPT PACKING pc=0x00007f1840822275 sp=0x00007f18041fe530
Event: 14.166 Thread 0x00007f17e447efc0 DEOPT UNPACKING pc=0x00007f183f505325 sp=0x00007f18041fda20 mode 0
Event: 14.167 Thread 0x00007f17e447efc0 DEOPT PACKING pc=0x00007f1840822204 sp=0x00007f18041fe530
Event: 14.167 Thread 0x00007f17e447efc0 DEOPT UNPACKING pc=0x00007f183f505325 sp=0x00007f18041fda20 mode 0
Event: 14.169 Thread 0x00007f17e447efc0 DEOPT PACKING pc=0x00007f1840822275 sp=0x00007f18041fe530
Event: 14.169 Thread 0x00007f17e447efc0 DEOPT UNPACKING pc=0x00007f183f505325 sp=0x00007f18041fda20 mode 0
Event: 35.477 Thread 0x00007f185837d190 Uncommon trap: trap_request=0xffffffcd fr.pc=0x00007f18471fd7e9 relative=0x0000000000000349
Event: 35.477 Thread 0x00007f185837d190 Uncommon trap: reason=intrinsic_or_type_checked_inlining action=reinterpret pc=0x00007f18471fd7e9 method=java.nio.channels.spi.AbstractInterruptibleChannel.close()V @ 11 jvmci
Event: 35.821 Thread 0x00007f185837d190 DEOPT PACKING pc=0x00007f18471fd7e9 sp=0x00007f183c9fe350
Event: 35.821 Thread 0x00007f185837d190 DEOPT UNPACKING pc=0x00007f183f505325 sp=0x00007f183c9fd7e0 mode 3

Classes unloaded (20 events):
Event: 16.581 Thread 0x00007f18580c2d30 Unloading class 0x0000000800ea2000 'jdk/internal/reflect/GeneratedConstructorAccessor7'
Event: 16.581 Thread 0x00007f18580c2d30 Unloading class 0x0000000800d9d000 'java/lang/invoke/LambdaForm$MH+0x0000000800d9d000'
Event: 16.581 Thread 0x00007f18580c2d30 Unloading class 0x0000000800d9cc00 'java/lang/invoke/LambdaForm$MH+0x0000000800d9cc00'
Event: 16.581 Thread 0x00007f18580c2d30 Unloading class 0x0000000800d9c800 'java/lang/invoke/LambdaForm$MH+0x0000000800d9c800'
Event: 16.581 Thread 0x00007f18580c2d30 Unloading class 0x0000000800d9c400 'java/lang/invoke/LambdaForm$MH+0x0000000800d9c400'
Event: 16.581 Thread 0x00007f18580c2d30 Unloading class 0x0000000800d9c000 'jdk/internal/reflect/GeneratedConstructorAccessor3'
Event: 16.581 Thread 0x00007f18580c2d30 Unloading class 0x0000000800d06800 'java/lang/invoke/LambdaForm$MH+0x0000000800d06800'
Event: 16.581 Thread 0x00007f18580c2d30 Unloading class 0x0000000800d06000 'java/lang/invoke/LambdaForm$MH+0x0000000800d06000'
Event: 16.581 Thread 0x00007f18580c2d30 Unloading class 0x0000000800d05c00 'java/lang/invoke/LambdaForm$MH+0x0000000800d05c00'
Event: 16.581 Thread 0x00007f18580c2d30 Unloading class 0x0000000800d05800 'java/lang/invoke/LambdaForm$MH+0x0000000800d05800'
Event: 16.581 Thread 0x00007f18580c2d30 Unloading class 0x0000000800d05000 'java/lang/invoke/LambdaForm$MH+0x0000000800d05000'
Event: 16.581 Thread 0x00007f18580c2d30 Unloading class 0x0000000800d04c00 'java/lang/invoke/LambdaForm$MH+0x0000000800d04c00'
Event: 16.581 Thread 0x00007f18580c2d30 Unloading class 0x0000000800d04800 'java/lang/invoke/LambdaForm$MH+0x0000000800d04800'
Event: 16.581 Thread 0x00007f18580c2d30 Unloading class 0x0000000800d04000 'java/lang/invoke/LambdaForm$MH+0x0000000800d04000'
Event: 16.581 Thread 0x00007f18580c2d30 Unloading class 0x0000000800c1d000 'jdk/internal/reflect/GeneratedMethodAccessor5'
Event: 16.581 Thread 0x00007f18580c2d30 Unloading class 0x0000000800c1cc00 'jdk/internal/reflect/GeneratedMethodAccessor4'
Event: 16.581 Thread 0x00007f18580c2d30 Unloading class 0x0000000800c1c800 'jdk/internal/reflect/GeneratedMethodAccessor3'
Event: 16.581 Thread 0x00007f18580c2d30 Unloading class 0x0000000800c1c400 'jdk/internal/reflect/GeneratedMethodAccessor2'
Event: 16.581 Thread 0x00007f18580c2d30 Unloading class 0x0000000800c1c000 'jdk/internal/reflect/GeneratedMethodAccessor1'
Event: 16.581 Thread 0x00007f18580c2d30 Unloading class 0x0000000800c01c00 'java/lang/invoke/LambdaForm$DMH+0x0000000800c01c00'

Classes redefined (0 events):
No events

Internal exceptions (20 events):
Event: 6.840 Thread 0x00007f17d0001220 Exception <a 'sun/nio/fs/UnixException'{0x00000000f5aee588}> (0x00000000f5aee588) 
thrown [src/hotspot/share/prims/jni.cpp, line 516]
Event: 6.843 Thread 0x00007f17d0001220 Exception <a 'sun/nio/fs/UnixException'{0x00000000f5c61ee0}> (0x00000000f5c61ee0) 
thrown [src/hotspot/share/prims/jni.cpp, line 516]
Event: 6.845 Thread 0x00007f17d0001220 Exception <a 'sun/nio/fs/UnixException'{0x00000000f5cfcb18}> (0x00000000f5cfcb18) 
thrown [src/hotspot/share/prims/jni.cpp, line 516]
Event: 6.956 Thread 0x00007f185842f6d0 Exception <a 'java/lang/NoSuchMethodError'{0x00000000f679cf40}: 'java.lang.Object java.lang.invoke.DirectMethodHandle$Holder.invokeInterface(java.lang.Object, java.lang.Object, java.lang.Object)'> (0x00000000f679cf40) 
thrown [src/hotspot/share/interpreter/linkResolver.cpp, line 758]
Event: 7.022 Thread 0x00007f17e4302930 Exception <a 'java/lang/NoSuchMethodError'{0x00000000f57880c0}: static [Lorg/eclipse/core/runtime/IPath;.<clinit>()V> (0x00000000f57880c0) 
thrown [src/hotspot/share/prims/jni.cpp, line 1107]
Event: 7.027 Thread 0x00007f17e4302930 Exception <a 'java/lang/NoSuchMethodError'{0x00000000f5a47be8}: static [J.<clinit>()V> (0x00000000f5a47be8) 
thrown [src/hotspot/share/prims/jni.cpp, line 1107]
Event: 7.124 Thread 0x00007f185842f6d0 Implicit null exception at 0x00007f1847106811 to 0x00007f1847106d78
Event: 7.931 Thread 0x00007f17a02dccc0 Exception <a 'java/io/FileNotFoundException'{0x00000000f64d5b88}> (0x00000000f64d5b88) 
thrown [src/hotspot/share/prims/jni.cpp, line 516]
Event: 7.938 Thread 0x00007f17a02dccc0 Exception <a 'java/lang/NoSuchMethodError'{0x00000000f68b9f88}: 'java.lang.Object java.lang.invoke.DirectMethodHandle$Holder.newInvokeSpecial(java.lang.Object, java.lang.Object, int, java.lang.Object, java.lang.Object)'> (0x00000000f68b9f88) 
thrown [src/hotspot/share/interpreter/linkResolver.cpp, line 758]
Event: 7.938 Thread 0x00007f17a02dccc0 Exception <a 'java/lang/NoSuchMethodError'{0x00000000f68dead0}: 'java.lang.Object java.lang.invoke.DirectMethodHandle$Holder.invokeSpecial(java.lang.Object, java.lang.Object, java.lang.Object, int, java.lang.Object, java.lang.Object)'> (0x00000000f68dead0) 
thrown [src/hotspot/share/interpreter/linkResolver.cpp, line 758]
Event: 8.037 Thread 0x00007f17a02dccc0 Exception <a 'java/lang/NoSuchMethodError'{0x00000000f6705dd8}: 'java.lang.Object java.lang.invoke.DirectMethodHandle$Holder.newInvokeSpecial(java.lang.Object, java.lang.Object, java.lang.Object, int, java.lang.Object)'> (0x00000000f6705dd8) 
thrown [src/hotspot/share/interpreter/linkResolver.cpp, line 758]
Event: 8.038 Thread 0x00007f17a02dccc0 Exception <a 'java/lang/NoSuchMethodError'{0x00000000f6738908}: 'java.lang.Object java.lang.invoke.DirectMethodHandle$Holder.invokeSpecial(java.lang.Object, java.lang.Object, java.lang.Object, java.lang.Object, int, java.lang.Object)'> (0x00000000f6738908) 
thrown [src/hotspot/share/interpreter/linkResolver.cpp, line 758]
Event: 8.038 Thread 0x00007f17a02dccc0 Exception <a 'java/lang/NoSuchMethodError'{0x00000000f67e8230}: 'java.lang.Object java.lang.invoke.Invokers$Holder.linkToTargetMethod(java.lang.Object, java.lang.Object, int, java.lang.Object, java.lang.Object)'> (0x00000000f67e8230) 
thrown [src/hotspot/share/interpreter/linkResolver.cpp, line 758]
Event: 8.140 Thread 0x00007f17cc0010d0 Implicit null exception at 0x00007f1846faa755 to 0x00007f1846faaa65
Event: 8.344 Thread 0x00007f17cc0010d0 Implicit null exception at 0x00007f18470c34e9 to 0x00007f18470c369b
Event: 9.243 Thread 0x00007f17c017e8f0 Exception <a 'java/lang/NoSuchMethodError'{0x00000000f6341b38}: 'java.lang.Object java.lang.invoke.DirectMethodHandle$Holder.invokeStatic(java.lang.Object, int, java.lang.Object, java.lang.Object, java.lang.Object, java.lang.Object)'> (0x00000000f6341b38) 
thrown [src/hotspot/share/interpreter/linkResolver.cpp, line 758]
Event: 9.243 Thread 0x00007f17c017e8f0 Exception <a 'java/lang/NoSuchMethodError'{0x00000000f634a058}: 'java.lang.Object java.lang.invoke.DirectMethodHandle$Holder.newInvokeSpecial(java.lang.Object, int, java.lang.Object, java.lang.Object, java.lang.Object)'> (0x00000000f634a058) 
thrown [src/hotspot/share/interpreter/linkResolver.cpp, line 758]
Event: 9.445 Thread 0x00007f17c017e8f0 Exception <a 'java/lang/NoSuchMethodError'{0x00000000f5b3ed70}: 'void java.lang.invoke.DirectMethodHandle$Holder.invokeSpecial(java.lang.Object, java.lang.Object, int)'> (0x00000000f5b3ed70) 
thrown [src/hotspot/share/interpreter/linkResolver.cpp, line 758]
Event: 9.746 Thread 0x00007f17c017e8f0 Exception <a 'java/lang/NoSuchMethodError'{0x00000000f5b82750}: 'int java.lang.invoke.DirectMethodHandle$Holder.invokeSpecialIFC(java.lang.Object, java.lang.Object, java.lang.Object, java.lang.Object)'> (0x00000000f5b82750) 
thrown [src/hotspot/share/interpreter/linkResolver.cpp, line 758]
Event: 41.155 Thread 0x00007f18580d3300 Exception <a 'java/lang/OutOfMemoryError'{0x00000000e0304580}> (0x00000000e0304580) 
thrown [src/hotspot/share/gc/shared/memAllocator.cpp, line 136]

VM Operations (20 events):
Event: 37.808 Executing VM operation: ParallelGCFailedAllocation done
Event: 37.809 Executing VM operation: ParallelGCFailedAllocation
Event: 38.133 Executing VM operation: ParallelGCFailedAllocation done
Event: 38.133 Executing VM operation: ParallelGCFailedAllocation
Event: 38.421 Executing VM operation: ParallelGCFailedAllocation done
Event: 38.421 Executing VM operation: ParallelGCFailedAllocation
Event: 38.734 Executing VM operation: ParallelGCFailedAllocation done
Event: 38.734 Executing VM operation: ParallelGCFailedAllocation
Event: 39.045 Executing VM operation: ParallelGCFailedAllocation done
Event: 39.046 Executing VM operation: ParallelGCFailedAllocation
Event: 39.372 Executing VM operation: ParallelGCFailedAllocation done
Event: 39.373 Executing VM operation: ParallelGCFailedAllocation
Event: 39.750 Executing VM operation: ParallelGCFailedAllocation done
Event: 39.750 Executing VM operation: ParallelGCFailedAllocation
Event: 40.149 Executing VM operation: ParallelGCFailedAllocation done
Event: 40.149 Executing VM operation: ParallelGCFailedAllocation
Event: 40.493 Executing VM operation: ParallelGCFailedAllocation done
Event: 40.494 Executing VM operation: ParallelGCFailedAllocation
Event: 41.154 Executing VM operation: ParallelGCFailedAllocation done
Event: 41.155 Executing VM operation: ParallelGCFailedAllocation

Events (20 events):
Event: 11.214 Thread 0x00007f185836a210 Thread exited: 0x00007f185836a210
Event: 12.877 Thread 0x00007f18580d5c60 flushing nmethod 0x00007f1847099810
Event: 12.878 Thread 0x00007f18580d5c60 flushing nmethod 0x00007f18470ece10
Event: 12.879 Thread 0x00007f18580d5c60 flushing nmethod 0x00007f183fbc1790
Event: 12.879 Thread 0x00007f18580d5c60 flushing nmethod 0x00007f183fbe1b10
Event: 13.268 loading class sun/security/ssl/Alert
Event: 13.269 loading class sun/security/ssl/Alert done
Event: 13.269 loading class sun/security/ssl/Alert$AlertConsumer
Event: 13.269 loading class sun/security/ssl/Alert$AlertConsumer done
Event: 13.269 loading class sun/security/ssl/Alert$Level
Event: 13.269 loading class sun/security/ssl/Alert$Level done
Event: 13.270 loading class javax/crypto/ShortBufferException
Event: 13.270 loading class javax/crypto/ShortBufferException done
Event: 13.271 loading class java/net/SocketException
Event: 13.271 loading class java/net/SocketException done
Event: 13.271 Thread 0x00007f17cc0dd3e0 Thread exited: 0x00007f17cc0dd3e0
Event: 13.273 Thread 0x00007f18580d5c60 flushing nmethod 0x00007f18405e7f90
Event: 13.273 Thread 0x00007f18580d5c60 flushing nmethod 0x00007f18405edc90
Event: 13.275 Thread 0x00007f18580d5c60 flushing nmethod 0x00007f1840890710
Event: 13.275 Thread 0x00007f18580d5c60 flushing nmethod 0x00007f184096ed90


Dynamic libraries:
e0000000-f3b00000 rw-p 00000000 00:00 0 
f3b00000-fb500000 rw-p 00000000 00:00 0 
fb500000-100000000 ---p 00000000 00:00 0 
800000000-800449000 rw-p 00001000 00:118c 4611686019135357769            /nix/store/gpxl5qgg8kicmcvivwmybwjlpf7wh20l-graalvm17-ce-22.3.0/lib/server/classes.jsa
800449000-800bc8000 r--p 0044a000 00:118c 4611686019135357769            /nix/store/gpxl5qgg8kicmcvivwmybwjlpf7wh20l-graalvm17-ce-22.3.0/lib/server/classes.jsa
800bc8000-800c00000 ---p 00000000 00:00 0 
800c00000-800c10000 rw-p 00000000 00:00 0 
800c10000-800c30000 rw-p 00000000 00:00 0 
800c30000-800cb0000 rw-p 00000000 00:00 0 
800cb0000-800cf0000 rw-p 00000000 00:00 0 
800cf0000-800db0000 rw-p 00000000 00:00 0 
800db0000-800df0000 rw-p 00000000 00:00 0 
800df0000-800eb0000 rw-p 00000000 00:00 0 
800eb0000-800f30000 rw-p 00000000 00:00 0 
800f30000-800f70000 rw-p 00000000 00:00 0 
800f70000-801250000 rw-p 00000000 00:00 0 
801250000-840c00000 ---p 00000000 00:00 0 
55a25b904000-55a25b905000 r-xp 00000000 00:118c 4611686019099417844      /nix/store/gpxl5qgg8kicmcvivwmybwjlpf7wh20l-graalvm17-ce-22.3.0/bin/.java-wrapped
55a25b906000-55a25b907000 r--p 00001000 00:118c 4611686019099417844      /nix/store/gpxl5qgg8kicmcvivwmybwjlpf7wh20l-graalvm17-ce-22.3.0/bin/.java-wrapped
55a25b907000-55a25b908000 rw-p 00002000 00:118c 4611686019099417844      /nix/store/gpxl5qgg8kicmcvivwmybwjlpf7wh20l-graalvm17-ce-22.3.0/bin/.java-wrapped
55a25b908000-55a25b909000 rw-p 00004000 00:118c 4611686019099417844      /nix/store/gpxl5qgg8kicmcvivwmybwjlpf7wh20l-graalvm17-ce-22.3.0/bin/.java-wrapped
55a25b909000-55a25b90a000 rw-p 00005000 00:118c 4611686019099417844      /nix/store/gpxl5qgg8kicmcvivwmybwjlpf7wh20l-graalvm17-ce-22.3.0/bin/.java-wrapped
55a25d329000-55a25d371000 rw-p 00000000 00:00 0                          [heap]
7f1768000000-7f1768021000 rw-p 00000000 00:00 0 
7f1768021000-7f176c000000 ---p 00000000 00:00 0 
7f176c000000-7f176c021000 rw-p 00000000 00:00 0 
7f176c021000-7f1770000000 ---p 00000000 00:00 0 
7f1770000000-7f1770021000 rw-p 00000000 00:00 0 
7f1770021000-7f1774000000 ---p 00000000 00:00 0 
7f1774000000-7f1774021000 rw-p 00000000 00:00 0 
7f1774021000-7f1778000000 ---p 00000000 00:00 0 
7f1778000000-7f1778133000 rw-p 00000000 00:00 0 
7f1778133000-7f177c000000 ---p 00000000 00:00 0 
7f177c000000-7f177c021000 rw-p 00000000 00:00 0 
7f177c021000-7f1780000000 ---p 00000000 00:00 0 
7f1780000000-7f1780021000 rw-p 00000000 00:00 0 
7f1780021000-7f1784000000 ---p 00000000 00:00 0 
7f1784000000-7f178409a000 rw-p 00000000 00:00 0 
7f178409a000-7f1788000000 ---p 00000000 00:00 0 
7f1788000000-7f1788021000 rw-p 00000000 00:00 0 
7f1788021000-7f178c000000 ---p 00000000 00:00 0 
7f178c000000-7f178c021000 rw-p 00000000 00:00 0 
7f178c021000-7f1790000000 ---p 00000000 00:00 0 
7f1790000000-7f1790021000 rw-p 00000000 00:00 0 
7f1790021000-7f1794000000 ---p 00000000 00:00 0 
7f1794000000-7f1794021000 rw-p 00000000 00:00 0 
7f1794021000-7f1798000000 ---p 00000000 00:00 0 
7f1798000000-7f1798021000 rw-p 00000000 00:00 0 
7f1798021000-7f179c000000 ---p 00000000 00:00 0 
7f179c000000-7f179c021000 rw-p 00000000 00:00 0 
7f179c021000-7f17a0000000 ---p 00000000 00:00 0 
7f17a0000000-7f17a02e3000 rw-p 00000000 00:00 0 
7f17a02e3000-7f17a4000000 ---p 00000000 00:00 0 
7f17a5300000-7f17a5400000 ---p 00000000 00:00 0 
7f17a5400000-7f17a59af000 r--p 01122000 00:118c 4611686019135190040      /nix/store/gpxl5qgg8kicmcvivwmybwjlpf7wh20l-graalvm17-ce-22.3.0/lib/libjvmcicompiler.so
7f17a59af000-7f17a5b00000 r--p 00000000 00:00 0 
7f17a5b00000-7f17a5b3d000 rw-p 00000000 00:00 0 
7f17a5b3d000-7f17a605d000 rw-p 0185f000 00:118c 4611686019135190040      /nix/store/gpxl5qgg8kicmcvivwmybwjlpf7wh20l-graalvm17-ce-22.3.0/lib/libjvmcicompiler.so
7f17a605d000-7f17a6444000 r--p 01d7f000 00:118c 4611686019135190040      /nix/store/gpxl5qgg8kicmcvivwmybwjlpf7wh20l-graalvm17-ce-22.3.0/lib/libjvmcicompiler.so
7f17a64b3000-7f17b0000000 r--s 00000000 00:118c 4611686019135192581      /nix/store/gpxl5qgg8kicmcvivwmybwjlpf7wh20l-graalvm17-ce-22.3.0/lib/modules
7f17b0000000-7f17b0021000 rw-p 00000000 00:00 0 
7f17b0021000-7f17b4000000 ---p 00000000 00:00 0 
7f17b4000000-7f17b459d000 rw-p 00000000 00:00 0 
7f17b459d000-7f17b8000000 ---p 00000000 00:00 0 
7f17b9000000-7f17b9670000 rw-p 00000000 00:00 0 
7f17b9670000-7f17b9800000 ---p 00000000 00:00 0 
7f17ba800000-7f17baaf0000 rw-p 00000000 00:00 0 
7f17baaf0000-7f17babb0000 rw-p 00000000 00:00 0 
7f17babb0000-7f17bac00000 ---p 00000000 00:00 0 
7f17bac00000-7f17bad70000 rw-p 00000000 00:00 0 
7f17bad70000-7f17baff0000 rw-p 00000000 00:00 0 
7f17baff0000-7f17bb7f0000 rw-p 00000000 00:00 0 
7f17bb7f0000-7f17bb8f0000 rw-p 00000000 00:00 0 
7f17bb8f0000-7f17bb930000 rw-p 00000000 00:00 0 
7f17bb930000-7f17bb970000 rw-p 00000000 00:00 0 
7f17bb970000-7f17bbaf0000 rw-p 00000000 00:00 0 
7f17bbaf0000-7f17bbbf0000 rw-p 00000000 00:00 0 
7f17bbbf0000-7f17bc000000 rw-p 00000000 00:00 0 
7f17bc000000-7f17bc021000 rw-p 00000000 00:00 0 
7f17bc021000-7f17c0000000 ---p 00000000 00:00 0 
7f17c0000000-7f17c0190000 rw-p 00000000 00:00 0 
7f17c0190000-7f17c4000000 ---p 00000000 00:00 0 
7f17c4000000-7f17c405b000 rw-p 00000000 00:00 0 
7f17c405b000-7f17c8000000 ---p 00000000 00:00 0 
7f17c8000000-7f17c8021000 rw-p 00000000 00:00 0 
7f17c8021000-7f17cc000000 ---p 00000000 00:00 0 
7f17cc000000-7f17cc103000 rw-p 00000000 00:00 0 
7f17cc103000-7f17d0000000 ---p 00000000 00:00 0 
7f17d0000000-7f17d00ff000 rw-p 00000000 00:00 0 
7f17d00ff000-7f17d4000000 ---p 00000000 00:00 0 
7f17d4000000-7f17d402a000 rw-p 00000000 00:00 0 
7f17d402a000-7f17d8000000 ---p 00000000 00:00 0 
7f17d8000000-7f17d8021000 rw-p 00000000 00:00 0 
7f17d8021000-7f17dc000000 ---p 00000000 00:00 0 
7f17dc000000-7f17dc025000 rw-p 00000000 00:00 0 
7f17dc025000-7f17e0000000 ---p 00000000 00:00 0 
7f17e0000000-7f17e0021000 rw-p 00000000 00:00 0 
7f17e0021000-7f17e4000000 ---p 00000000 00:00 0 
7f17e4000000-7f17e48b8000 rw-p 00000000 00:00 0 
7f17e48b8000-7f17e8000000 ---p 00000000 00:00 0 
7f17e8000000-7f17e802a000 rw-p 00000000 00:00 0 
7f17e802a000-7f17ec000000 ---p 00000000 00:00 0 
7f17ec000000-7f17ec021000 rw-p 00000000 00:00 0 
7f17ec021000-7f17f0000000 ---p 00000000 00:00 0 
7f17f0000000-7f17f0021000 rw-p 00000000 00:00 0 
7f17f0021000-7f17f4000000 ---p 00000000 00:00 0 
7f17f4000000-7f17f4021000 rw-p 00000000 00:00 0 
7f17f4021000-7f17f8000000 ---p 00000000 00:00 0 
7f17f8000000-7f17f8021000 rw-p 00000000 00:00 0 
7f17f8021000-7f17fc000000 ---p 00000000 00:00 0 
7f17fc000000-7f17fc021000 rw-p 00000000 00:00 0 
7f17fc021000-7f1800000000 ---p 00000000 00:00 0 
7f1800400000-7f18004f0000 rw-p 00000000 00:00 0 
7f18004f0000-7f18005f0000 rw-p 00000000 00:00 0 
7f18005f0000-7f18009d0000 rw-p 00000000 00:00 0 
7f18009d0000-7f1800af0000 rw-p 00000000 00:00 0 
7f1800af0000-7f1800b30000 rw-p 00000000 00:00 0 
7f1800b30000-7f1800b70000 rw-p 00000000 00:00 0 
7f1800b70000-7f1800bf0000 rw-p 00000000 00:00 0 
7f1800bf0000-7f1800cf0000 rw-p 00000000 00:00 0 
7f1800cf0000-7f1800df0000 rw-p 00000000 00:00 0 
7f1800df0000-7f18010f0000 rw-p 00000000 00:00 0 
7f18010f0000-7f18011f0000 rw-p 00000000 00:00 0 
7f18011f0000-7f1801400000 rw-p 00000000 00:00 0 
7f1802000000-7f1802010000 r-xp 00000000 00:1150 360                      /home/runner/.cache/jdt-language-server/config/org.eclipse.equinox.launcher/org.eclipse.equinox.launcher.gtk.linux.x86_64_1.2.400.v20211117-0650/eclipse_11600.so
7f1802010000-7f180220f000 ---p 00010000 00:1150 360                      /home/runner/.cache/jdt-language-server/config/org.eclipse.equinox.launcher/org.eclipse.equinox.launcher.gtk.linux.x86_64_1.2.400.v20211117-0650/eclipse_11600.so
7f180220f000-7f1802210000 r--p 0000f000 00:1150 360                      /home/runner/.cache/jdt-language-server/config/org.eclipse.equinox.launcher/org.eclipse.equinox.launcher.gtk.linux.x86_64_1.2.400.v20211117-0650/eclipse_11600.so
7f1802210000-7f1802211000 rw-p 00010000 00:1150 360                      /home/runner/.cache/jdt-language-server/config/org.eclipse.equinox.launcher/org.eclipse.equinox.launcher.gtk.linux.x86_64_1.2.400.v20211117-0650/eclipse_11600.so
7f18022fe000-7f18022ff000 ---p 00000000 00:00 0 
7f18022ff000-7f1802400000 rw-p 00000000 00:00 0 
7f1802500000-7f1802504000 ---p 00000000 00:00 0 
7f1802504000-7f1802600000 rw-p 00000000 00:00 0 
7f1802700000-7f1802704000 ---p 00000000 00:00 0 
7f1802704000-7f1802800000 rw-p 00000000 00:00 0 
7f1802900000-7f1802904000 ---p 00000000 00:00 0 
7f1802904000-7f1802a00000 rw-p 00000000 00:00 0 
7f1802b00000-7f1802b04000 ---p 00000000 00:00 0 
7f1802b04000-7f1802c00000 rw-p 00000000 00:00 0 
7f1802c00000-7f1802c04000 ---p 00000000 00:00 0 
7f1802c04000-7f1802d00000 rw-p 00000000 00:00 0 
7f1802d00000-7f1802d04000 ---p 00000000 00:00 0 
7f1802d04000-7f1802e00000 rw-p 00000000 00:00 0 
7f1802f00000-7f1802f04000 ---p 00000000 00:00 0 
7f1802f04000-7f1803000000 rw-p 00000000 00:00 0 
7f1803000000-7f1803004000 ---p 00000000 00:00 0 
7f1803004000-7f1803100000 rw-p 00000000 00:00 0 
7f1803100000-7f1803104000 ---p 00000000 00:00 0 
7f1803104000-7f1803200000 rw-p 00000000 00:00 0 
7f1803300000-7f1803304000 ---p 00000000 00:00 0 
7f1803304000-7f1803400000 rw-p 00000000 00:00 0 
7f1803500000-7f1803504000 ---p 00000000 00:00 0 
7f1803504000-7f1803600000 rw-p 00000000 00:00 0 
7f1803700000-7f1803704000 ---p 00000000 00:00 0 
7f1803704000-7f1803800000 rw-p 00000000 00:00 0 
7f1803900000-7f1803904000 ---p 00000000 00:00 0 
7f1803904000-7f1803a00000 rw-p 00000000 00:00 0 
7f1803b00000-7f1803b04000 ---p 00000000 00:00 0 
7f1803b04000-7f1803c00000 rw-p 00000000 00:00 0 
7f1803c00000-7f1803c04000 ---p 00000000 00:00 0 
7f1803c04000-7f1803d00000 rw-p 00000000 00:00 0 
7f1803d00000-7f1803d04000 ---p 00000000 00:00 0 
7f1803d04000-7f1803e00000 rw-p 00000000 00:00 0 
7f1803f00000-7f1803f04000 ---p 00000000 00:00 0 
7f1803f04000-7f1804000000 rw-p 00000000 00:00 0 
7f1804100000-7f1804104000 ---p 00000000 00:00 0 
7f1804104000-7f1804200000 rw-p 00000000 00:00 0 
7f1804300000-7f1804304000 ---p 00000000 00:00 0 
7f1804304000-7f1804400000 rw-p 00000000 00:00 0 
7f1804500000-7f1804504000 ---p 00000000 00:00 0 
7f1804504000-7f1804600000 rw-p 00000000 00:00 0 
7f1804700000-7f1804704000 ---p 00000000 00:00 0 
7f1804704000-7f1804800000 rw-p 00000000 00:00 0 
7f1804800000-7f1804804000 ---p 00000000 00:00 0 
7f1804804000-7f1804900000 rw-p 00000000 00:00 0 
7f1804900000-7f1804904000 ---p 00000000 00:00 0 
7f1804904000-7f1804a00000 rw-p 00000000 00:00 0 
7f1805668000-7f1805b00000 rw-p 00000000 00:00 0 
7f1805c00000-7f1807d6a000 r-xp 00000000 00:118c 4611686019135190040      /nix/store/gpxl5qgg8kicmcvivwmybwjlpf7wh20l-graalvm17-ce-22.3.0/lib/libjvmcicompiler.so
7f1807d6a000-7f1807f69000 ---p 0216a000 00:118c 4611686019135190040      /nix/store/gpxl5qgg8kicmcvivwmybwjlpf7wh20l-graalvm17-ce-22.3.0/lib/libjvmcicompiler.so
7f1807f69000-7f1807f6a000 r--p 02169000 00:118c 4611686019135190040      /nix/store/gpxl5qgg8kicmcvivwmybwjlpf7wh20l-graalvm17-ce-22.3.0/lib/libjvmcicompiler.so
7f1807f6a000-7f1807f6c000 rw-p 0216a000 00:118c 4611686019135190040      /nix/store/gpxl5qgg8kicmcvivwmybwjlpf7wh20l-graalvm17-ce-22.3.0/lib/libjvmcicompiler.so
7f1807f6c000-7f1807f6d000 rw-p 00000000 00:00 0 
7f1807f6d000-7f1807f72000 rw-p 023c3000 00:118c 4611686019135190040      /nix/store/gpxl5qgg8kicmcvivwmybwjlpf7wh20l-graalvm17-ce-22.3.0/lib/libjvmcicompiler.so
7f1808000000-7f1808021000 rw-p 00000000 00:00 0 
7f1808021000-7f180c000000 ---p 00000000 00:00 0 
7f180c000000-7f180c021000 rw-p 00000000 00:00 0 
7f180c021000-7f1810000000 ---p 00000000 00:00 0 
7f1810000000-7f1810059000 rw-p 00000000 00:00 0 
7f1810059000-7f1814000000 ---p 00000000 00:00 0 
7f1814000000-7f1814021000 rw-p 00000000 00:00 0 
7f1814021000-7f1818000000 ---p 00000000 00:00 0 
7f1818000000-7f18180db000 rw-p 00000000 00:00 0 
7f18180db000-7f181c000000 ---p 00000000 00:00 0 
7f181c000000-7f181cb25000 rw-p 00000000 00:00 0 
7f181cb25000-7f1820000000 ---p 00000000 00:00 0 
7f1820000000-7f1820021000 rw-p 00000000 00:00 0 
7f1820021000-7f1824000000 ---p 00000000 00:00 0 
7f1824000000-7f1824021000 rw-p 00000000 00:00 0 
7f1824021000-7f1828000000 ---p 00000000 00:00 0 
7f1828000000-7f1828021000 rw-p 00000000 00:00 0 
7f1828021000-7f182c000000 ---p 00000000 00:00 0 
7f182c000000-7f182c021000 rw-p 00000000 00:00 0 
7f182c021000-7f1830000000 ---p 00000000 00:00 0 
7f1830000000-7f1830021000 rw-p 00000000 00:00 0 
7f1830021000-7f1834000000 ---p 00000000 00:00 0 
7f1834000000-7f1834021000 rw-p 00000000 00:00 0 
7f1834021000-7f1838000000 ---p 00000000 00:00 0 
7f1838000000-7f183802a000 rw-p 00000000 00:00 0 
7f183802a000-7f183c000000 ---p 00000000 00:00 0 
7f183c100000-7f183c104000 ---p 00000000 00:00 0 
7f183c104000-7f183c200000 rw-p 00000000 00:00 0 
7f183c300000-7f183c304000 ---p 00000000 00:00 0 
7f183c304000-7f183c400000 rw-p 00000000 00:00 0 
7f183c400000-7f183c404000 ---p 00000000 00:00 0 
7f183c404000-7f183c500000 rw-p 00000000 00:00 0 
7f183c500000-7f183c504000 ---p 00000000 00:00 0 
7f183c504000-7f183c600000 rw-p 00000000 00:00 0 
7f183c600000-7f183c604000 ---p 00000000 00:00 0 
7f183c604000-7f183c700000 rw-p 00000000 00:00 0 
7f183c700000-7f183c704000 ---p 00000000 00:00 0 
7f183c704000-7f183c800000 rw-p 00000000 00:00 0 
7f183c900000-7f183c904000 ---p 00000000 00:00 0 
7f183c904000-7f183ca00000 rw-p 00000000 00:00 0 
7f183cb00000-7f183cb04000 ---p 00000000 00:00 0 
7f183cb04000-7f183cc00000 rw-p 00000000 00:00 0 
7f183cd00000-7f183cd04000 ---p 00000000 00:00 0 
7f183cd04000-7f183ce00000 rw-p 00000000 00:00 0 
7f183cf16000-7f183cf17000 ---p 00000000 00:00 0 
7f183cf17000-7f183d018000 rw-p 00000000 00:00 0 
7f183d018000-7f183d01c000 ---p 00000000 00:00 0 
7f183d01c000-7f183d118000 rw-p 00000000 00:00 0 
7f183d118000-7f183d11c000 ---p 00000000 00:00 0 
7f183d11c000-7f183d218000 rw-p 00000000 00:00 0 
7f183d218000-7f183d21c000 ---p 00000000 00:00 0 
7f183d21c000-7f183d318000 rw-p 00000000 00:00 0 
7f183d318000-7f183d31c000 ---p 00000000 00:00 0 
7f183d31c000-7f183d518000 rw-p 00000000 00:00 0 
7f183d518000-7f183d51c000 ---p 00000000 00:00 0 
7f183d51c000-7f183d718000 rw-p 00000000 00:00 0 
7f183d718000-7f183d71c000 ---p 00000000 00:00 0 
7f183d71c000-7f183d818000 rw-p 00000000 00:00 0 
7f183d818000-7f183d81c000 ---p 00000000 00:00 0 
7f183d81c000-7f183d918000 rw-p 00000000 00:00 0 
7f183d918000-7f183d91c000 ---p 00000000 00:00 0 
7f183d91c000-7f183da18000 rw-p 00000000 00:00 0 
7f183da18000-7f183dcfe000 r--p 00000000 00:1140 28444448                 /usr/lib/locale/locale-archive
7f183dcfe000-7f183dd02000 ---p 00000000 00:00 0 
7f183dd02000-7f183ddfe000 rw-p 00000000 00:00 0 
7f183ddfe000-7f183de02000 ---p 00000000 00:00 0 
7f183de02000-7f183defe000 rw-p 00000000 00:00 0 
7f183defe000-7f183deff000 ---p 00000000 00:00 0 
7f183deff000-7f183e3f0000 rw-p 00000000 00:00 0 
7f183e3f0000-7f183e6f0000 rw-p 00000000 00:00 0 
7f183e6f0000-7f183e800000 rw-p 00000000 00:00 0 
7f183e8d7000-7f183e8d9000 r-xp 00000000 00:118c 4611686019135190017      /nix/store/gpxl5qgg8kicmcvivwmybwjlpf7wh20l-graalvm17-ce-22.3.0/lib/libextnet.so
7f183e8d9000-7f183e8da000 r--p 00001000 00:118c 4611686019135190017      /nix/store/gpxl5qgg8kicmcvivwmybwjlpf7wh20l-graalvm17-ce-22.3.0/lib/libextnet.so
7f183e8da000-7f183e8db000 rw-p 00002000 00:118c 4611686019135190017      /nix/store/gpxl5qgg8kicmcvivwmybwjlpf7wh20l-graalvm17-ce-22.3.0/lib/libextnet.so
7f183e8db000-7f183e8dc000 rw-p 00004000 00:118c 4611686019135190017      /nix/store/gpxl5qgg8kicmcvivwmybwjlpf7wh20l-graalvm17-ce-22.3.0/lib/libextnet.so
7f183e8dc000-7f183e8e0000 ---p 00000000 00:00 0 
7f183e8e0000-7f183e8fe000 rw-p 00000000 00:00 0 
7f183e8fe000-7f183e9cc000 r-xp 00000000 00:118c 4611686019135190036      /nix/store/gpxl5qgg8kicmcvivwmybwjlpf7wh20l-graalvm17-ce-22.3.0/lib/libjsvml.so
7f183e9cc000-7f183e9cd000 r--p 000cd000 00:118c 4611686019135190036      /nix/store/gpxl5qgg8kicmcvivwmybwjlpf7wh20l-graalvm17-ce-22.3.0/lib/libjsvml.so
7f183e9cd000-7f183e9ce000 rw-p 000ce000 00:118c 4611686019135190036      /nix/store/gpxl5qgg8kicmcvivwmybwjlpf7wh20l-graalvm17-ce-22.3.0/lib/libjsvml.so
7f183e9ce000-7f183f4b3000 rw-p 00000000 00:00 0 
7f183f4b3000-7f183f723000 rwxp 00000000 00:00 0 
7f183f723000-7f183fa42000 ---p 00000000 00:00 0 
7f183fa42000-7f1840992000 rwxp 00000000 00:00 0 
7f1840992000-7f1846f7a000 ---p 00000000 00:00 0 
7f1846f7a000-7f184723a000 rwxp 00000000 00:00 0 
7f184723a000-7f184e4b3000 ---p 00000000 00:00 0 
7f184e4b3000-7f1858000000 r--s 00000000 00:118c 4611686019135192581      /nix/store/gpxl5qgg8kicmcvivwmybwjlpf7wh20l-graalvm17-ce-22.3.0/lib/modules
7f1858000000-7f185867b000 rw-p 00000000 00:00 0 
7f185867b000-7f185c000000 ---p 00000000 00:00 0 
7f185c004000-7f185c00b000 r-xp 00000000 00:118c 4611686019135192580      /nix/store/gpxl5qgg8kicmcvivwmybwjlpf7wh20l-graalvm17-ce-22.3.0/lib/libzip.so
7f185c00b000-7f185c00c000 ---p 00007000 00:118c 4611686019135192580      /nix/store/gpxl5qgg8kicmcvivwmybwjlpf7wh20l-graalvm17-ce-22.3.0/lib/libzip.so
7f185c00c000-7f185c00d000 r--p 00007000 00:118c 4611686019135192580      /nix/store/gpxl5qgg8kicmcvivwmybwjlpf7wh20l-graalvm17-ce-22.3.0/lib/libzip.so
7f185c00d000-7f185c00e000 rw-p 00008000 00:118c 4611686019135192580      /nix/store/gpxl5qgg8kicmcvivwmybwjlpf7wh20l-graalvm17-ce-22.3.0/lib/libzip.so
7f185c00e000-7f185c010000 rw-p 0000b000 00:118c 4611686019135192580      /nix/store/gpxl5qgg8kicmcvivwmybwjlpf7wh20l-graalvm17-ce-22.3.0/lib/libzip.so
7f185c010000-7f185c025000 r-xp 00000000 00:118c 4611686019135192570      /nix/store/gpxl5qgg8kicmcvivwmybwjlpf7wh20l-graalvm17-ce-22.3.0/lib/libnet.so
7f185c025000-7f185c026000 ---p 00015000 00:118c 4611686019135192570      /nix/store/gpxl5qgg8kicmcvivwmybwjlpf7wh20l-graalvm17-ce-22.3.0/lib/libnet.so
7f185c026000-7f185c027000 r--p 00015000 00:118c 4611686019135192570      /nix/store/gpxl5qgg8kicmcvivwmybwjlpf7wh20l-graalvm17-ce-22.3.0/lib/libnet.so
7f185c027000-7f185c028000 rw-p 00016000 00:118c 4611686019135192570      /nix/store/gpxl5qgg8kicmcvivwmybwjlpf7wh20l-graalvm17-ce-22.3.0/lib/libnet.so
7f185c028000-7f185c02b000 rw-p 0001b000 00:118c 4611686019135192570      /nix/store/gpxl5qgg8kicmcvivwmybwjlpf7wh20l-graalvm17-ce-22.3.0/lib/libnet.so
7f185c02b000-7f185c03e000 r-xp 00000000 00:118c 4611686019135192571      /nix/store/gpxl5qgg8kicmcvivwmybwjlpf7wh20l-graalvm17-ce-22.3.0/lib/libnio.so
7f185c03e000-7f185c03f000 r--p 00012000 00:118c 4611686019135192571      /nix/store/gpxl5qgg8kicmcvivwmybwjlpf7wh20l-graalvm17-ce-22.3.0/lib/libnio.so
7f185c03f000-7f185c040000 rw-p 00013000 00:118c 4611686019135192571      /nix/store/gpxl5qgg8kicmcvivwmybwjlpf7wh20l-graalvm17-ce-22.3.0/lib/libnio.so
7f185c040000-7f185c045000 rw-p 00019000 00:118c 4611686019135192571      /nix/store/gpxl5qgg8kicmcvivwmybwjlpf7wh20l-graalvm17-ce-22.3.0/lib/libnio.so
7f185c045000-7f185d13b000 rw-p 00000000 00:00 0 
7f185d13b000-7f185d13c000 ---p 00000000 00:00 0 
7f185d13c000-7f185d2db000 rw-p 00000000 00:00 0 
7f185d2db000-7f185d318000 rw-p 00000000 00:00 0 
7f185d318000-7f185d33d000 ---p 00000000 00:00 0 
7f185d33d000-7f185d344000 rw-p 00000000 00:00 0 
7f185d344000-7f185d429000 ---p 00000000 00:00 0 
7f185d429000-7f185d448000 rw-p 00000000 00:00 0 
7f185d448000-7f185d514000 ---p 00000000 00:00 0 
7f185d514000-7f185d519000 rw-p 00000000 00:00 0 
7f185d519000-7f185d520000 ---p 00000000 00:00 0 
7f185d520000-7f185d544000 r-xp 00000000 00:118c 4611686019135190028      /nix/store/gpxl5qgg8kicmcvivwmybwjlpf7wh20l-graalvm17-ce-22.3.0/lib/libjava.so
7f185d544000-7f185d545000 ---p 00024000 00:118c 4611686019135190028      /nix/store/gpxl5qgg8kicmcvivwmybwjlpf7wh20l-graalvm17-ce-22.3.0/lib/libjava.so
7f185d545000-7f185d546000 r--p 00024000 00:118c 4611686019135190028      /nix/store/gpxl5qgg8kicmcvivwmybwjlpf7wh20l-graalvm17-ce-22.3.0/lib/libjava.so
7f185d546000-7f185d547000 rw-p 00025000 00:118c 4611686019135190028      /nix/store/gpxl5qgg8kicmcvivwmybwjlpf7wh20l-graalvm17-ce-22.3.0/lib/libjava.so
7f185d547000-7f185d548000 rw-p 00000000 00:00 0 
7f185d548000-7f185d54f000 rw-p 0002f000 00:118c 4611686019135190028      /nix/store/gpxl5qgg8kicmcvivwmybwjlpf7wh20l-graalvm17-ce-22.3.0/lib/libjava.so
7f185d54f000-7f185d557000 rw-s 00000000 00:113a 357                      /tmp/hsperfdata_runner/33
7f185d557000-7f185d558000 ---p 00000000 00:00 0 
7f185d558000-7f185d559000 r--p 00000000 00:00 0 
7f185d559000-7f185d55a000 rwxp 00000000 00:00 0 
7f185d55a000-7f185d575000 r-xp 00000000 00:118c 4611686019135190032      /nix/store/gpxl5qgg8kicmcvivwmybwjlpf7wh20l-graalvm17-ce-22.3.0/lib/libjimage.so
7f185d575000-7f185d576000 ---p 0001b000 00:118c 4611686019135190032      /nix/store/gpxl5qgg8kicmcvivwmybwjlpf7wh20l-graalvm17-ce-22.3.0/lib/libjimage.so
7f185d576000-7f185d578000 r--p 0001b000 00:118c 4611686019135190032      /nix/store/gpxl5qgg8kicmcvivwmybwjlpf7wh20l-graalvm17-ce-22.3.0/lib/libjimage.so
7f185d578000-7f185d579000 rw-p 0001d000 00:118c 4611686019135190032      /nix/store/gpxl5qgg8kicmcvivwmybwjlpf7wh20l-graalvm17-ce-22.3.0/lib/libjimage.so
7f185d579000-7f185d57a000 rw-p 00024000 00:118c 4611686019135190032      /nix/store/gpxl5qgg8kicmcvivwmybwjlpf7wh20l-graalvm17-ce-22.3.0/lib/libjimage.so
7f185d57a000-7f185d57e000 ---p 00000000 00:00 0 
7f185d57e000-7f185d67a000 rw-p 00000000 00:00 0 
7f185d67a000-7f185d688000 r--p 00000000 00:118c 4611686019027979927      /nix/store/4nlgxhb09sdr51nc9hdm8az5b08vzkgx-glibc-2.35-163/lib/libm.so.6
7f185d688000-7f185d6fb000 r-xp 0000e000 00:118c 4611686019027979927      /nix/store/4nlgxhb09sdr51nc9hdm8az5b08vzkgx-glibc-2.35-163/lib/libm.so.6
7f185d6fb000-7f185d758000 r--p 00081000 00:118c 4611686019027979927      /nix/store/4nlgxhb09sdr51nc9hdm8az5b08vzkgx-glibc-2.35-163/lib/libm.so.6
7f185d758000-7f185d759000 r--p 000dd000 00:118c 4611686019027979927      /nix/store/4nlgxhb09sdr51nc9hdm8az5b08vzkgx-glibc-2.35-163/lib/libm.so.6
7f185d759000-7f185d75a000 rw-p 000de000 00:118c 4611686019027979927      /nix/store/4nlgxhb09sdr51nc9hdm8az5b08vzkgx-glibc-2.35-163/lib/libm.so.6
7f185d75a000-7f185d75b000 r--p 00000000 00:118c 4611686019027979946      /nix/store/4nlgxhb09sdr51nc9hdm8az5b08vzkgx-glibc-2.35-163/lib/librt.so.1
7f185d75b000-7f185d75c000 r-xp 00001000 00:118c 4611686019027979946      /nix/store/4nlgxhb09sdr51nc9hdm8az5b08vzkgx-glibc-2.35-163/lib/librt.so.1
7f185d75c000-7f185d75d000 r--p 00002000 00:118c 4611686019027979946      /nix/store/4nlgxhb09sdr51nc9hdm8az5b08vzkgx-glibc-2.35-163/lib/librt.so.1
7f185d75d000-7f185d75e000 r--p 00002000 00:118c 4611686019027979946      /nix/store/4nlgxhb09sdr51nc9hdm8az5b08vzkgx-glibc-2.35-163/lib/librt.so.1
7f185d75e000-7f185d75f000 rw-p 00003000 00:118c 4611686019027979946      /nix/store/4nlgxhb09sdr51nc9hdm8az5b08vzkgx-glibc-2.35-163/lib/librt.so.1
7f185d75f000-7f185e872000 r-xp 00000000 00:118c 4611686019135360866      /nix/store/gpxl5qgg8kicmcvivwmybwjlpf7wh20l-graalvm17-ce-22.3.0/lib/server/libjvm.so
7f185e872000-7f185e873000 ---p 01113000 00:118c 4611686019135360866      /nix/store/gpxl5qgg8kicmcvivwmybwjlpf7wh20l-graalvm17-ce-22.3.0/lib/server/libjvm.so
7f185e873000-7f185e928000 r--p 01113000 00:118c 4611686019135360866      /nix/store/gpxl5qgg8kicmcvivwmybwjlpf7wh20l-graalvm17-ce-22.3.0/lib/server/libjvm.so
7f185e928000-7f185e95c000 rw-p 011c8000 00:118c 4611686019135360866      /nix/store/gpxl5qgg8kicmcvivwmybwjlpf7wh20l-graalvm17-ce-22.3.0/lib/server/libjvm.so
7f185e95c000-7f185e9b8000 rw-p 00000000 00:00 0 
7f185e9b8000-7f185e9e0000 r--p 00000000 00:118c 4611686019027979918      /nix/store/4nlgxhb09sdr51nc9hdm8az5b08vzkgx-glibc-2.35-163/lib/libc.so.6
7f185e9e0000-7f185eb56000 r-xp 00028000 00:118c 4611686019027979918      /nix/store/4nlgxhb09sdr51nc9hdm8az5b08vzkgx-glibc-2.35-163/lib/libc.so.6
7f185eb56000-7f185ebae000 r--p 0019e000 00:118c 4611686019027979918      /nix/store/4nlgxhb09sdr51nc9hdm8az5b08vzkgx-glibc-2.35-163/lib/libc.so.6
7f185ebae000-7f185ebb2000 r--p 001f6000 00:118c 4611686019027979918      /nix/store/4nlgxhb09sdr51nc9hdm8az5b08vzkgx-glibc-2.35-163/lib/libc.so.6
7f185ebb2000-7f185ebb4000 rw-p 001fa000 00:118c 4611686019027979918      /nix/store/4nlgxhb09sdr51nc9hdm8az5b08vzkgx-glibc-2.35-163/lib/libc.so.6
7f185ebb4000-7f185ebc3000 rw-p 00000000 00:00 0 
7f185ebc3000-7f185ebc4000 r--p 00000000 00:118c 4611686019027979923      /nix/store/4nlgxhb09sdr51nc9hdm8az5b08vzkgx-glibc-2.35-163/lib/libdl.so.2
7f185ebc4000-7f185ebc5000 r-xp 00001000 00:118c 4611686019027979923      /nix/store/4nlgxhb09sdr51nc9hdm8az5b08vzkgx-glibc-2.35-163/lib/libdl.so.2
7f185ebc5000-7f185ebc6000 r--p 00002000 00:118c 4611686019027979923      /nix/store/4nlgxhb09sdr51nc9hdm8az5b08vzkgx-glibc-2.35-163/lib/libdl.so.2
7f185ebc6000-7f185ebc7000 r--p 00002000 00:118c 4611686019027979923      /nix/store/4nlgxhb09sdr51nc9hdm8az5b08vzkgx-glibc-2.35-163/lib/libdl.so.2
7f185ebc7000-7f185ebc8000 rw-p 00003000 00:118c 4611686019027979923      /nix/store/4nlgxhb09sdr51nc9hdm8az5b08vzkgx-glibc-2.35-163/lib/libdl.so.2
7f185ebc8000-7f185ebc9000 r--p 00000000 00:118c 4611686019027979942      /nix/store/4nlgxhb09sdr51nc9hdm8az5b08vzkgx-glibc-2.35-163/lib/libpthread.so.0
7f185ebc9000-7f185ebca000 r-xp 00001000 00:118c 4611686019027979942      /nix/store/4nlgxhb09sdr51nc9hdm8az5b08vzkgx-glibc-2.35-163/lib/libpthread.so.0
7f185ebca000-7f185ebcb000 r--p 00002000 00:118c 4611686019027979942      /nix/store/4nlgxhb09sdr51nc9hdm8az5b08vzkgx-glibc-2.35-163/lib/libpthread.so.0
7f185ebcb000-7f185ebcc000 r--p 00002000 00:118c 4611686019027979942      /nix/store/4nlgxhb09sdr51nc9hdm8az5b08vzkgx-glibc-2.35-163/lib/libpthread.so.0
7f185ebcc000-7f185ebcd000 rw-p 00003000 00:118c 4611686019027979942      /nix/store/4nlgxhb09sdr51nc9hdm8az5b08vzkgx-glibc-2.35-163/lib/libpthread.so.0
7f185ebcd000-7f185ebdb000 r-xp 00000000 00:118c 4611686019135190033      /nix/store/gpxl5qgg8kicmcvivwmybwjlpf7wh20l-graalvm17-ce-22.3.0/lib/libjli.so
7f185ebdb000-7f185ebdc000 ---p 0000e000 00:118c 4611686019135190033      /nix/store/gpxl5qgg8kicmcvivwmybwjlpf7wh20l-graalvm17-ce-22.3.0/lib/libjli.so
7f185ebdc000-7f185ebdd000 r--p 0000e000 00:118c 4611686019135190033      /nix/store/gpxl5qgg8kicmcvivwmybwjlpf7wh20l-graalvm17-ce-22.3.0/lib/libjli.so
7f185ebdd000-7f185ebde000 rw-p 0000f000 00:118c 4611686019135190033      /nix/store/gpxl5qgg8kicmcvivwmybwjlpf7wh20l-graalvm17-ce-22.3.0/lib/libjli.so
7f185ebde000-7f185ebdf000 rw-p 00012000 00:118c 4611686019135190033      /nix/store/gpxl5qgg8kicmcvivwmybwjlpf7wh20l-graalvm17-ce-22.3.0/lib/libjli.so
7f185ebdf000-7f185ebe2000 r--p 00000000 00:118c 4611686019106210071      /nix/store/026hln0aq1hyshaxsdvhg0kmcm6yf45r-zlib-1.2.13/lib/libz.so.1.2.13
7f185ebe2000-7f185ebf4000 r-xp 00003000 00:118c 4611686019106210071      /nix/store/026hln0aq1hyshaxsdvhg0kmcm6yf45r-zlib-1.2.13/lib/libz.so.1.2.13
7f185ebf4000-7f185ebfb000 r--p 00015000 00:118c 4611686019106210071      /nix/store/026hln0aq1hyshaxsdvhg0kmcm6yf45r-zlib-1.2.13/lib/libz.so.1.2.13
7f185ebfb000-7f185ebfc000 r--p 0001b000 00:118c 4611686019106210071      /nix/store/026hln0aq1hyshaxsdvhg0kmcm6yf45r-zlib-1.2.13/lib/libz.so.1.2.13
7f185ebfc000-7f185ebfd000 rw-p 0001c000 00:118c 4611686019106210071      /nix/store/026hln0aq1hyshaxsdvhg0kmcm6yf45r-zlib-1.2.13/lib/libz.so.1.2.13
7f185ebfd000-7f185ebff000 rw-p 00000000 00:00 0 
7f185ebff000-7f185ec01000 r--p 00000000 00:118c 4611686019027979912      /nix/store/4nlgxhb09sdr51nc9hdm8az5b08vzkgx-glibc-2.35-163/lib/ld-linux-x86-64.so.2
7f185ec01000-7f185ec28000 r-xp 00002000 00:118c 4611686019027979912      /nix/store/4nlgxhb09sdr51nc9hdm8az5b08vzkgx-glibc-2.35-163/lib/ld-linux-x86-64.so.2
7f185ec28000-7f185ec34000 r--p 00029000 00:118c 4611686019027979912      /nix/store/4nlgxhb09sdr51nc9hdm8az5b08vzkgx-glibc-2.35-163/lib/ld-linux-x86-64.so.2
7f185ec34000-7f185ec36000 r--p 00034000 00:118c 4611686019027979912      /nix/store/4nlgxhb09sdr51nc9hdm8az5b08vzkgx-glibc-2.35-163/lib/ld-linux-x86-64.so.2
7f185ec36000-7f185ec38000 rw-p 00036000 00:118c 4611686019027979912      /nix/store/4nlgxhb09sdr51nc9hdm8az5b08vzkgx-glibc-2.35-163/lib/ld-linux-x86-64.so.2
7ffd8765d000-7ffd87681000 rw-p 00000000 00:00 0                          [stack]
7ffd877b3000-7ffd877b7000 r--p 00000000 00:00 0                          [vvar]
7ffd877b7000-7ffd877b9000 r-xp 00000000 00:00 0                          [vdso]
ffffffffff600000-ffffffffff601000 --xp 00000000 00:00 0                  [vsyscall]


VM Arguments:
jvm_args: -XX:ThreadPriorityPolicy=1 -XX:+UnlockExperimentalVMOptions -XX:+EnableJVMCIProduct -XX:JVMCIThreadsPerNativeLibraryRuntime=1 -XX:-UnlockExperimentalVMOptions -Declipse.application=org.eclipse.jdt.ls.core.id1 -Dosgi.bundles.defaultStartLevel=4 -Declipse.product=org.eclipse.jdt.ls.core.product -Dlog.level=ALL -Xverify:none -XX:+UseParallelGC -XX:GCTimeRatio=4 -XX:AdaptiveSizePolicyWeight=90 -Dsun.zip.disableMemoryMapping=true -Xmx512m -Xms100m 
java_command: /nix/store/a7s9klvriqi68xz3qjc0qyfl5h86xc16-jdt-language-server-1.9.0/share/java/plugins/org.eclipse.equinox.launcher_1.6.400.v20210924-0641.jar --add-modules=ALL-SYSTEM --add-opens java.base/java.util=ALL-UNNAMED --add-opens java.base/java.lang=ALL-UNNAMED -configuration /home/runner/.cache/jdt-language-server/config -data /home/runner/.cache/jdt-language-server/data/home/runner/Vector-math
java_class_path (initial): /nix/store/a7s9klvriqi68xz3qjc0qyfl5h86xc16-jdt-language-server-1.9.0/share/java/plugins/org.eclipse.equinox.launcher_1.6.400.v20210924-0641.jar
Launcher Type: SUN_STANDARD

[Global flags]
    uintx AdaptiveSizePolicyWeight                 = 90                                        {product} {command line}
     intx CICompilerCount                          = 2                                         {product} {ergonomic}
     bool EnableJVMCIProduct                       = true                                {JVMCI product} {jimage}
    uintx GCTimeRatio                              = 4                                         {product} {command line}
   size_t InitialHeapSize                          = 104857600                                 {product} {command line}
     uint JVMCIThreadsPerNativeLibraryRuntime      = 1                                   {JVMCI product} {jimage}
   size_t MaxHeapSize                              = 536870912                                 {product} {command line}
   size_t MaxNewSize                               = 178782208                                 {product} {ergonomic}
   size_t MinHeapDeltaBytes                        = 524288                                    {product} {ergonomic}
   size_t MinHeapSize                              = 104857600                                 {product} {command line}
   size_t NewSize                                  = 34603008                                  {product} {ergonomic}
    uintx NonNMethodCodeHeapSize                   = 5826188                                {pd product} {ergonomic}
    uintx NonProfiledCodeHeapSize                  = 122916026                              {pd product} {ergonomic}
   size_t OldSize                                  = 70254592                                  {product} {ergonomic}
    uintx ProfiledCodeHeapSize                     = 122916026                              {pd product} {ergonomic}
    uintx ReservedCodeCacheSize                    = 251658240                              {pd product} {ergonomic}
     bool SegmentedCodeCache                       = true                                      {product} {ergonomic}
   size_t SoftMaxHeapSize                          = 536870912                              {manageable} {ergonomic}
     intx ThreadPriorityPolicy                     = 1                                         {product} {jimage}
     bool UseCompressedClassPointers               = true                           {product lp64_product} {ergonomic}
     bool UseCompressedOops                        = true                           {product lp64_product} {ergonomic}
     bool UseParallelGC                            = true                                      {product} {command line}

Logging:
Log output configuration:
 #0: stdout all=warning uptime,level,tags
 #1: stderr all=off uptime,level,tags

Environment Variables:
JAVA_HOME=/nix/store/gpxl5qgg8kicmcvivwmybwjlpf7wh20l-graalvm17-ce-22.3.0
PATH=/nix/store/1d6ian3r8kdzspw8hacjhl3xkp40g1lj-binutils-wrapper-2.39/bin:/nix/store/dq0xwmsk1g0i2ayg6pb7y87na2knzylh-gcc-wrapper-11.3.0/bin:/nix/store/bap4d0lpcrhpwmpb8ayjcgkmvfj62lnq-bash-interactive-5.1-p16/bin:/nix/store/pr5n59mb4jzmfx6kanwxly0l07p861fg-patchelf-0.15.0/bin:/nix/store/1gf2flfqnpqbr1b4p4qz2f72y42bs56r-gcc-11.3.0/bin:/nix/store/57xv61c5zi8pphjbcwxxjlgc34p61ic9-glibc-2.35-163-bin/bin:/nix/store/a7gvj343m05j2s32xcnwr35v31ynlypr-coreutils-9.1/bin:/nix/store/039g378vc3pc3dvi9dzdlrd0i4q93qwf-binutils-2.39/bin:/nix/store/gpxl5qgg8kicmcvivwmybwjlpf7wh20l-graalvm17-ce-22.3.0/bin:/nix/store/6z9ag3ihc8mq2hzsw48lhbznvzny65nz-apache-maven-3.8.6/bin:/nix/store/a7s9klvriqi68xz3qjc0qyfl5h86xc16-jdt-language-server-1.9.0/bin:/nix/store/48ifl2w60a3zp7yskbpnvn8jp9jdsb7k-java-debug/bin:/nix/store/mydc6f4k2z73xlcz7ilif3v2lcaiqvza-findutils-4.9.0/bin:/nix/store/j9p3g8472iijd50vhdprx0nmk2fqn5gv-diffutils-3.8/bin:/nix/store/89zs7rms6x00xfq4dq6m7mjnhkr8a6r4-gnused-4.8/bin:/nix/store/86bp03jkmsl6f92w0yzg4s59g5mhxwmy-gnugrep-3.7/bin:/nix/store/hwcdqw4jrjnd37wxqgsd47hd0j8bnj09-gawk-5.1.1/bin:/nix/store/cfbhw8r8ags41vwqaz47r583d0p4h4a1-gnutar-1.34/bin:/nix/store/p3m1ndl1lapwrlh698bnb5lvvxh67378-gzip-1.12/bin:/nix/store/a8mhcagrsly7c7mpjrpsnaahk4aax056-bzip2-1.0.8-bin/bin:/nix/store/mblgz65m3zv9x548a3d5m96fj2pbwr09-gnumake-4.3/bin:/nix/store/dsd5gz46hdbdk2rfdimqddhq6m8m8fqs-bash-5.1-p16/bin:/nix/store/v7ljksji50mg3w61dykaa3n3y79n6nil-patch-2.7.6/bin:/nix/store/zlcnmqq14jz5x9439jf937mvayyl63da-xz-5.2.7-bin/bin:/nix/store/y6aj732zm9m87c82fpvf103a1xb22blp-file-5.43/bin:/nix/store/i4kzir3m7mrisxmf5xvlnkw01x4qaqr4-prybar-elisp-0.0.0-e0d9a52/bin:/nix/store/lwwivxf6h7x3cvxp9zv8sj0mv7dak99r-prybar-lua-0.0.0-e0d9a52/bin:/nix/store/gxj28g1cg4hq3qanmjv07156h800qr58-prybar-python3-0.0.0-e0d9a52/bin:/nix/store/hshkjnxrgidigf8x75vg6lqng2xlx9i3-prybar-sqlite-0.0.0-e0d9a52/bin:/nix/store/c4w01bpjgyy5ixmwdk8m1pw87zq4sl26-prybar-tcl-0.0.0-e0d9a52/bin:/nix/store/hpbvrlwd5viqmvcaisb3x0118i913a9n-st
LD_LIBRARY_PATH=/nix/store/a4pff549sk2idnkpzk5nsfps3mdkdnvm-cups-2.4.2-lib/lib:/nix/store/72mqxxhh3cy5yifh92wh2yb8cl2hikyy-cairo-1.16.0/lib:/nix/store/2k366jrbsra97gjfxwvrhvixjfxdach5-glib-2.74.1/lib:/nix/store/2j2znigd8ak37rlwh9khz0ry3clqlw1l-gtk+3-3.24.34/lib:/nix/store/hisqvx32cd57apbpcsnkpx6k3549wql1-libglvnd-1.4.0/lib:/nix/store/p36pgcv991mq5srvg765b78yqpxvk3qs-mesa-21.3.3-drivers/lib:/nix/store/mav4251if1ahjq5vkpwycyyvnmy459c4-pulseaudio-14.2/lib
DISPLAY=:0
LANG=en_US.UTF-8

Signal Handlers:
   SIGSEGV: crash_handler in libjvm.so, mask=11100100010111111101111111111110, flags=SA_RESTART|SA_SIGINFO
    SIGBUS: crash_handler in libjvm.so, mask=11100100010111111101111111111110, flags=SA_RESTART|SA_SIGINFO
    SIGFPE: crash_handler in libjvm.so, mask=11100100010111111101111111111110, flags=SA_RESTART|SA_SIGINFO
   SIGPIPE: IsolateEnterStub_IgnoreSIGPIPEStartupHook_noopSignalHandler_8f19bff2f35b5f630d83b364d6b2339320d4ec70_216e8361c6bc87a8f89f58cc10d3b2fd4415bf87 in libjvmcicompiler.so, mask=00000000000000000000000000000000, flags=SA_RESTART
  *** Handler was modified!
  *** Expected: javaSignalHandler in libjvm.so, mask=11100100110111111111111111111110, flags=SA_RESTART|SA_SIGINFO
   SIGXFSZ: javaSignalHandler in libjvm.so, mask=11100100010111111101111111111110, flags=SA_RESTART|SA_SIGINFO
    SIGILL: crash_handler in libjvm.so, mask=11100100010111111101111111111110, flags=SA_RESTART|SA_SIGINFO
   SIGUSR2: SR_handler in libjvm.so, mask=00000000000000000000000000000000, flags=SA_RESTART|SA_SIGINFO
    SIGHUP: UserHandler in libjvm.so, mask=11100100010111111101111111111110, flags=SA_RESTART|SA_SIGINFO
    SIGINT: UserHandler in libjvm.so, mask=11100100010111111101111111111110, flags=SA_RESTART|SA_SIGINFO
   SIGTERM: UserHandler in libjvm.so, mask=11100100010111111101111111111110, flags=SA_RESTART|SA_SIGINFO
   SIGQUIT: UserHandler in libjvm.so, mask=11100100010111111101111111111110, flags=SA_RESTART|SA_SIGINFO
  *** Handler was modified!
  *** Expected: javaSignalHandler in libjvm.so, mask=11100100110111111111111111111110, flags=SA_RESTART|SA_SIGINFO
   SIGTRAP: crash_handler in libjvm.so, mask=11100100010111111101111111111110, flags=SA_RESTART|SA_SIGINFO


---------------  S Y S T E M  ---------------

OS:
DISTRIB_ID=Ubuntu
DISTRIB_RELEASE=20.04
DISTRIB_CODENAME=focal
DISTRIB_DESCRIPTION="Ubuntu 20.04.2 LTS"
uname: Linux 6.2.0-1011-gcp #11~22.04.3-Ubuntu SMP Fri Aug 18 12:32:13 UTC 2023 x86_64
OS uptime: 0 days 5:22 hours
libc: glibc 2.35 NPTL 2.35 
rlimit (soft/hard): STACK 8192k/infinity , CORE infinity/infinity , NPROC infinity/infinity , NOFILE 20971/20971 , AS infinity/infinity , CPU infinity/infinity , DATA infinity/infinity , FSIZE infinity/infinity , MEMLOCK 8192k/8192k
load average: 6.56 6.38 6.16

/proc/meminfo:
MemTotal:       65833900 kB
MemFree:        28821876 kB
MemAvailable:   45571636 kB
Buffers:          669024 kB
Cached:         15776564 kB
SwapCached:            0 kB
Active:          6665256 kB
Inactive:       27940700 kB
Active(anon):      84628 kB
Inactive(anon): 18040876 kB
Active(file):    6580628 kB
Inactive(file):  9899824 kB
Unevictable:       28348 kB
Mlocked:           28348 kB
SwapTotal:             0 kB
SwapFree:              0 kB
Zswap:                 0 kB
Zswapped:              0 kB
Dirty:            480912 kB
Writeback:             0 kB
AnonPages:      17271280 kB
Mapped:          1422772 kB
Shmem:             66700 kB
KReclaimable:     995980 kB
Slab:            1552772 kB
SReclaimable:     995980 kB
SUnreclaim:       556792 kB
KernelStack:      168640 kB
PageTables:       241884 kB
SecPageTables:         0 kB
NFS_Unstable:          0 kB
Bounce:                0 kB
WritebackTmp:          0 kB
CommitLimit:    32916948 kB
Committed_AS:   65722768 kB
VmallocTotal:   34359738367 kB
VmallocUsed:      196212 kB
VmallocChunk:          0 kB
Percpu:            49984 kB
HardwareCorrupted:     0 kB
AnonHugePages:   1110016 kB
ShmemHugePages:        0 kB
ShmemPmdMapped:        0 kB
FileHugePages:         0 kB
FilePmdMapped:         0 kB
HugePages_Total:       0
HugePages_Free:        0
HugePages_Rsvd:        0
HugePages_Surp:        0
Hugepagesize:       2048 kB
Hugetlb:               0 kB
DirectMap4k:      277304 kB
DirectMap2M:     9156608 kB
DirectMap1G:    59768832 kB

/sys/kernel/mm/transparent_hugepage/enabled: always [madvise] never
/sys/kernel/mm/transparent_hugepage/defrag (defrag/compaction efforts parameter): always defer defer+madvise [madvise] never

Process Memory:
Virtual Size: 5524112K (peak: 5587792K)
Resident Set Size: 783884K (peak: 818244K) (anon: 586736K, file: 197148K, shmem: 0K)
Swapped out: 0K
C-Heap outstanding allocations: 47801K, retained: 15710K
glibc malloc tunables: (default)

/proc/sys/kernel/threads-max (system-wide limit on the number of threads): 514261
/proc/sys/vm/max_map_count (maximum number of memory map areas a process may have): 65530
/proc/sys/kernel/pid_max (system-wide limit on number of process identifiers): 4194304

container (cgroup) information:
container_type: cgroupv1
cpu_cpuset_cpus: 4-15
cpu_memory_nodes: 0
active_processor_count: 2
cpu_quota: 200000
cpu_period: 100000
cpu_shares: 2048
memory_limit_in_bytes: 3292528 k
memory_and_swap_limit_in_bytes: 3292528 k
memory_soft_limit_in_bytes: 2097152 k
memory_usage_in_bytes: 643132 k
memory_max_usage_in_bytes: 666932 k
maximum number of tasks: 1000
current number of tasks: 59

KVM virtualization detected
Steal ticks since vm start: 193
Steal ticks percentage since vm start:  0.003

CPU: total 16 (initial active 2) (16 cores per cpu, 2 threads per core) family 23 model 49 stepping 0 microcode 0xffffffff, cx8, cmov, fxsr, ht, mmx, 3dnowpref, sse, sse2, sse3, ssse3, sse4a, sse4.1, sse4.2, popcnt, lzcnt, tsc, tscinvbit, avx, avx2, aes, clmul, bmi1, bmi2, adx, sha, fma, vzeroupper, clflush, clflushopt, hv
CPU Model and flags from /proc/cpuinfo:
model name	: AMD EPYC 7B12
flags		: fpu vme de pse tsc msr pae mce cx8 apic sep mtrr pge mca cmov pat pse36 clflush mmx fxsr sse sse2 ht syscall nx mmxext fxsr_opt pdpe1gb rdtscp lm constant_tsc rep_good nopl nonstop_tsc cpuid extd_apicid tsc_known_freq pni pclmulqdq ssse3 fma cx16 sse4_1 sse4_2 movbe popcnt aes xsave avx f16c rdrand hypervisor lahf_lm cmp_legacy cr8_legacy abm sse4a misalignsse 3dnowprefetch osvw topoext ssbd ibrs ibpb stibp vmmcall fsgsbase tsc_adjust bmi1 avx2 smep bmi2 rdseed adx smap clflushopt clwb sha_ni xsaveopt xsavec xgetbv1 clzero xsaveerptr arat npt nrip_save umip rdpid

Online cpus: 0-15
Offline cpus: 
BIOS frequency limitation: <Not Available>
Frequency switch latency (ns): <Not Available>
Available cpu frequencies: <Not Available>
Current governor: <Not Available>
Core performance/turbo boost: <Not Available>

Memory: 4k page, physical 3292528k(2649380k free), swap 0k(0k free)
Page Sizes: 4k

vm_info: OpenJDK 64-Bit Server VM (17.0.5+8-jvmci-22.3-b08) for linux-amd64 JRE (17.0.5+8-jvmci-22.3-b08), built on Oct 19 2022 09:01:27 by "buildslave" with gcc 10.3.0

END.
